{"C:\\Users\\lsoria\\Desktop\\APP CIG\\backend\\src\\middleware\\audit.js": {"path":"C:\\Users\\lsoria\\Desktop\\APP CIG\\backend\\src\\middleware\\audit.js","statementMap":{"0":{"start":{"line":1,"column":16},"end":{"line":1,"column":44}},"1":{"start":{"line":2,"column":15},"end":{"line":2,"column":41}},"2":{"start":{"line":4,"column":18},"end":{"line":19,"column":1}},"3":{"start":{"line":5,"column":2},"end":{"line":18,"column":3}},"4":{"start":{"line":6,"column":16},"end":{"line":12,"column":6}},"5":{"start":{"line":14,"column":4},"end":{"line":14,"column":21}},"6":{"start":{"line":15,"column":4},"end":{"line":15,"column":56}},"7":{"start":{"line":17,"column":4},"end":{"line":17,"column":62}},"8":{"start":{"line":21,"column":24},"end":{"line":50,"column":1}},"9":{"start":{"line":22,"column":2},"end":{"line":49,"column":4}},"10":{"start":{"line":23,"column":25},"end":{"line":23,"column":33}},"11":{"start":{"line":25,"column":4},"end":{"line":46,"column":6}},"12":{"start":{"line":26,"column":6},"end":{"line":26,"column":30}},"13":{"start":{"line":28,"column":23},"end":{"line":28,"column":56}},"14":{"start":{"line":29,"column":25},"end":{"line":29,"column":39}},"15":{"start":{"line":30,"column":21},"end":{"line":30,"column":80}},"16":{"start":{"line":32,"column":22},"end":{"line":39,"column":7}},"17":{"start":{"line":41,"column":6},"end":{"line":43,"column":9}},"18":{"start":{"line":42,"column":8},"end":{"line":42,"column":55}},"19":{"start":{"line":45,"column":6},"end":{"line":45,"column":28}},"20":{"start":{"line":48,"column":4},"end":{"line":48,"column":11}},"21":{"start":{"line":52,"column":0},"end":{"line":52,"column":48}}},"fnMap":{"0":{"name":"(anonymous_0)","decl":{"start":{"line":4,"column":18},"end":{"line":4,"column":19}},"loc":{"start":{"line":4,"column":97},"end":{"line":19,"column":1}},"line":4},"1":{"name":"(anonymous_1)","decl":{"start":{"line":21,"column":24},"end":{"line":21,"column":25}},"loc":{"start":{"line":21,"column":36},"end":{"line":50,"column":1}},"line":21},"2":{"name":"(anonymous_2)","decl":{"start":{"line":22,"column":9},"end":{"line":22,"column":10}},"loc":{"start":{"line":22,"column":35},"end":{"line":49,"column":3}},"line":22},"3":{"name":"(anonymous_3)","decl":{"start":{"line":25,"column":15},"end":{"line":25,"column":16}},"loc":{"start":{"line":25,"column":30},"end":{"line":46,"column":5}},"line":25},"4":{"name":"(anonymous_4)","decl":{"start":{"line":41,"column":57},"end":{"line":41,"column":58}},"loc":{"start":{"line":41,"column":64},"end":{"line":43,"column":7}},"line":41}},"branchMap":{"0":{"loc":{"start":{"line":4,"column":39},"end":{"line":4,"column":51}},"type":"default-arg","locations":[{"start":{"line":4,"column":49},"end":{"line":4,"column":51}}],"line":4},"1":{"loc":{"start":{"line":4,"column":53},"end":{"line":4,"column":71}},"type":"default-arg","locations":[{"start":{"line":4,"column":62},"end":{"line":4,"column":71}}],"line":4},"2":{"loc":{"start":{"line":4,"column":73},"end":{"line":4,"column":92}},"type":"default-arg","locations":[{"start":{"line":4,"column":88},"end":{"line":4,"column":92}}],"line":4},"3":{"loc":{"start":{"line":28,"column":23},"end":{"line":28,"column":56}},"type":"binary-expr","locations":[{"start":{"line":28,"column":23},"end":{"line":28,"column":41}},{"start":{"line":28,"column":45},"end":{"line":28,"column":56}}],"line":28},"4":{"loc":{"start":{"line":30,"column":21},"end":{"line":30,"column":80}},"type":"cond-expr","locations":[{"start":{"line":30,"column":61},"end":{"line":30,"column":70}},{"start":{"line":30,"column":73},"end":{"line":30,"column":80}}],"line":30},"5":{"loc":{"start":{"line":30,"column":21},"end":{"line":30,"column":58}},"type":"binary-expr","locations":[{"start":{"line":30,"column":21},"end":{"line":30,"column":38}},{"start":{"line":30,"column":42},"end":{"line":30,"column":58}}],"line":30}},"s":{"0":0,"1":0,"2":0,"3":0,"4":0,"5":0,"6":0,"7":0,"8":0,"9":0,"10":0,"11":0,"12":0,"13":0,"14":0,"15":0,"16":0,"17":0,"18":0,"19":0,"20":0,"21":0},"f":{"0":0,"1":0,"2":0,"3":0,"4":0},"b":{"0":[0],"1":[0],"2":[0],"3":[0,0],"4":[0,0],"5":[0,0]}}
,"C:\\Users\\lsoria\\Desktop\\APP CIG\\backend\\src\\middleware\\auth.js": {"path":"C:\\Users\\lsoria\\Desktop\\APP CIG\\backend\\src\\middleware\\auth.js","statementMap":{"0":{"start":{"line":1,"column":12},"end":{"line":1,"column":35}},"1":{"start":{"line":3,"column":20},"end":{"line":23,"column":1}},"2":{"start":{"line":4,"column":16},"end":{"line":4,"column":56}},"3":{"start":{"line":6,"column":2},"end":{"line":11,"column":3}},"4":{"start":{"line":7,"column":4},"end":{"line":10,"column":7}},"5":{"start":{"line":13,"column":2},"end":{"line":22,"column":3}},"6":{"start":{"line":14,"column":20},"end":{"line":14,"column":61}},"7":{"start":{"line":15,"column":4},"end":{"line":15,"column":23}},"8":{"start":{"line":16,"column":4},"end":{"line":16,"column":11}},"9":{"start":{"line":18,"column":4},"end":{"line":21,"column":7}},"10":{"start":{"line":25,"column":19},"end":{"line":43,"column":1}},"11":{"start":{"line":26,"column":2},"end":{"line":42,"column":4}},"12":{"start":{"line":27,"column":4},"end":{"line":32,"column":5}},"13":{"start":{"line":28,"column":6},"end":{"line":31,"column":9}},"14":{"start":{"line":34,"column":4},"end":{"line":39,"column":5}},"15":{"start":{"line":35,"column":6},"end":{"line":38,"column":9}},"16":{"start":{"line":41,"column":4},"end":{"line":41,"column":11}},"17":{"start":{"line":45,"column":0},"end":{"line":45,"column":45}}},"fnMap":{"0":{"name":"(anonymous_0)","decl":{"start":{"line":3,"column":20},"end":{"line":3,"column":21}},"loc":{"start":{"line":3,"column":40},"end":{"line":23,"column":1}},"line":3},"1":{"name":"(anonymous_1)","decl":{"start":{"line":25,"column":19},"end":{"line":25,"column":20}},"loc":{"start":{"line":25,"column":40},"end":{"line":43,"column":1}},"line":25},"2":{"name":"(anonymous_2)","decl":{"start":{"line":26,"column":9},"end":{"line":26,"column":10}},"loc":{"start":{"line":26,"column":29},"end":{"line":42,"column":3}},"line":26}},"branchMap":{"0":{"loc":{"start":{"line":6,"column":2},"end":{"line":11,"column":3}},"type":"if","locations":[{"start":{"line":6,"column":2},"end":{"line":11,"column":3}},{"start":{},"end":{}}],"line":6},"1":{"loc":{"start":{"line":27,"column":4},"end":{"line":32,"column":5}},"type":"if","locations":[{"start":{"line":27,"column":4},"end":{"line":32,"column":5}},{"start":{},"end":{}}],"line":27},"2":{"loc":{"start":{"line":34,"column":4},"end":{"line":39,"column":5}},"type":"if","locations":[{"start":{"line":34,"column":4},"end":{"line":39,"column":5}},{"start":{},"end":{}}],"line":34}},"s":{"0":0,"1":0,"2":0,"3":0,"4":0,"5":0,"6":0,"7":0,"8":0,"9":0,"10":0,"11":0,"12":0,"13":0,"14":0,"15":0,"16":0,"17":0},"f":{"0":0,"1":0,"2":0},"b":{"0":[0,0],"1":[0,0],"2":[0,0]}}
,"C:\\Users\\lsoria\\Desktop\\APP CIG\\backend\\src\\models\\CheckRecord.js": {"path":"C:\\Users\\lsoria\\Desktop\\APP CIG\\backend\\src\\models\\CheckRecord.js","statementMap":{"0":{"start":{"line":1,"column":17},"end":{"line":1,"column":36}},"1":{"start":{"line":3,"column":26},"end":{"line":85,"column":2}},"2":{"start":{"line":20,"column":8},"end":{"line":20,"column":34}},"3":{"start":{"line":88,"column":0},"end":{"line":88,"column":51}},"4":{"start":{"line":89,"column":0},"end":{"line":89,"column":59}},"5":{"start":{"line":91,"column":0},"end":{"line":91,"column":66}}},"fnMap":{"0":{"name":"(anonymous_0)","decl":{"start":{"line":19,"column":17},"end":{"line":19,"column":18}},"loc":{"start":{"line":19,"column":29},"end":{"line":21,"column":7}},"line":19}},"branchMap":{},"s":{"0":0,"1":0,"2":0,"3":0,"4":0,"5":0},"f":{"0":0},"b":{}}
,"C:\\Users\\lsoria\\Desktop\\APP CIG\\backend\\src\\models\\Client.js": {"path":"C:\\Users\\lsoria\\Desktop\\APP CIG\\backend\\src\\models\\Client.js","statementMap":{"0":{"start":{"line":1,"column":17},"end":{"line":1,"column":36}},"1":{"start":{"line":3,"column":21},"end":{"line":66,"column":2}},"2":{"start":{"line":16,"column":8},"end":{"line":16,"column":34}},"3":{"start":{"line":69,"column":0},"end":{"line":69,"column":32}},"4":{"start":{"line":70,"column":0},"end":{"line":70,"column":61}},"5":{"start":{"line":72,"column":0},"end":{"line":72,"column":56}}},"fnMap":{"0":{"name":"(anonymous_0)","decl":{"start":{"line":15,"column":17},"end":{"line":15,"column":18}},"loc":{"start":{"line":15,"column":29},"end":{"line":17,"column":7}},"line":15}},"branchMap":{},"s":{"0":0,"1":0,"2":0,"3":0,"4":0,"5":0},"f":{"0":0},"b":{}}
,"C:\\Users\\lsoria\\Desktop\\APP CIG\\backend\\src\\models\\GeneratedFile.js": {"path":"C:\\Users\\lsoria\\Desktop\\APP CIG\\backend\\src\\models\\GeneratedFile.js","statementMap":{"0":{"start":{"line":1,"column":17},"end":{"line":1,"column":36}},"1":{"start":{"line":3,"column":28},"end":{"line":49,"column":2}},"2":{"start":{"line":52,"column":0},"end":{"line":52,"column":61}},"3":{"start":{"line":53,"column":0},"end":{"line":53,"column":42}},"4":{"start":{"line":55,"column":0},"end":{"line":55,"column":70}}},"fnMap":{},"branchMap":{},"s":{"0":0,"1":0,"2":0,"3":0,"4":0},"f":{},"b":{}}
,"C:\\Users\\lsoria\\Desktop\\APP CIG\\backend\\src\\models\\User.js": {"path":"C:\\Users\\lsoria\\Desktop\\APP CIG\\backend\\src\\models\\User.js","statementMap":{"0":{"start":{"line":1,"column":17},"end":{"line":1,"column":36}},"1":{"start":{"line":2,"column":15},"end":{"line":2,"column":34}},"2":{"start":{"line":4,"column":19},"end":{"line":48,"column":2}},"3":{"start":{"line":51,"column":0},"end":{"line":61,"column":3}},"4":{"start":{"line":52,"column":2},"end":{"line":52,"column":50}},"5":{"start":{"line":52,"column":36},"end":{"line":52,"column":50}},"6":{"start":{"line":54,"column":2},"end":{"line":60,"column":3}},"7":{"start":{"line":55,"column":17},"end":{"line":55,"column":41}},"8":{"start":{"line":56,"column":4},"end":{"line":56,"column":59}},"9":{"start":{"line":57,"column":4},"end":{"line":57,"column":11}},"10":{"start":{"line":59,"column":4},"end":{"line":59,"column":16}},"11":{"start":{"line":64,"column":0},"end":{"line":66,"column":2}},"12":{"start":{"line":65,"column":2},"end":{"line":65,"column":64}},"13":{"start":{"line":69,"column":0},"end":{"line":73,"column":2}},"14":{"start":{"line":70,"column":14},"end":{"line":70,"column":29}},"15":{"start":{"line":71,"column":2},"end":{"line":71,"column":22}},"16":{"start":{"line":72,"column":2},"end":{"line":72,"column":13}},"17":{"start":{"line":75,"column":0},"end":{"line":75,"column":52}}},"fnMap":{"0":{"name":"(anonymous_0)","decl":{"start":{"line":51,"column":23},"end":{"line":51,"column":24}},"loc":{"start":{"line":51,"column":44},"end":{"line":61,"column":1}},"line":51},"1":{"name":"(anonymous_1)","decl":{"start":{"line":64,"column":37},"end":{"line":64,"column":38}},"loc":{"start":{"line":64,"column":71},"end":{"line":66,"column":1}},"line":64},"2":{"name":"(anonymous_2)","decl":{"start":{"line":69,"column":28},"end":{"line":69,"column":29}},"loc":{"start":{"line":69,"column":39},"end":{"line":73,"column":1}},"line":69}},"branchMap":{"0":{"loc":{"start":{"line":52,"column":2},"end":{"line":52,"column":50}},"type":"if","locations":[{"start":{"line":52,"column":2},"end":{"line":52,"column":50}},{"start":{},"end":{}}],"line":52}},"s":{"0":0,"1":0,"2":0,"3":0,"4":0,"5":0,"6":0,"7":0,"8":0,"9":0,"10":0,"11":0,"12":0,"13":0,"14":0,"15":0,"16":0,"17":0},"f":{"0":0,"1":0,"2":0},"b":{"0":[0,0]}}
,"C:\\Users\\lsoria\\Desktop\\APP CIG\\backend\\src\\models\\UserLog.js": {"path":"C:\\Users\\lsoria\\Desktop\\APP CIG\\backend\\src\\models\\UserLog.js","statementMap":{"0":{"start":{"line":1,"column":17},"end":{"line":1,"column":36}},"1":{"start":{"line":3,"column":22},"end":{"line":52,"column":2}},"2":{"start":{"line":55,"column":0},"end":{"line":55,"column":48}},"3":{"start":{"line":56,"column":0},"end":{"line":56,"column":50}},"4":{"start":{"line":57,"column":0},"end":{"line":57,"column":39}},"5":{"start":{"line":59,"column":0},"end":{"line":59,"column":58}}},"fnMap":{},"branchMap":{},"s":{"0":0,"1":0,"2":0,"3":0,"4":0,"5":0},"f":{},"b":{}}
,"C:\\Users\\lsoria\\Desktop\\APP CIG\\backend\\src\\routes\\auth.js": {"path":"C:\\Users\\lsoria\\Desktop\\APP CIG\\backend\\src\\routes\\auth.js","statementMap":{"0":{"start":{"line":1,"column":16},"end":{"line":1,"column":34}},"1":{"start":{"line":2,"column":15},"end":{"line":2,"column":31}},"2":{"start":{"line":3,"column":12},"end":{"line":3,"column":35}},"3":{"start":{"line":4,"column":18},"end":{"line":4,"column":47}},"4":{"start":{"line":5,"column":13},"end":{"line":5,"column":38}},"5":{"start":{"line":6,"column":22},"end":{"line":6,"column":52}},"6":{"start":{"line":9,"column":21},"end":{"line":13,"column":2}},"7":{"start":{"line":16,"column":0},"end":{"line":87,"column":3}},"8":{"start":{"line":17,"column":2},"end":{"line":86,"column":3}},"9":{"start":{"line":18,"column":35},"end":{"line":18,"column":43}},"10":{"start":{"line":20,"column":4},"end":{"line":25,"column":5}},"11":{"start":{"line":21,"column":6},"end":{"line":24,"column":9}},"12":{"start":{"line":28,"column":17},"end":{"line":28,"column":63}},"13":{"start":{"line":30,"column":4},"end":{"line":36,"column":5}},"14":{"start":{"line":31,"column":6},"end":{"line":31,"column":95}},"15":{"start":{"line":32,"column":6},"end":{"line":35,"column":9}},"16":{"start":{"line":39,"column":20},"end":{"line":39,"column":56}},"17":{"start":{"line":41,"column":4},"end":{"line":47,"column":5}},"18":{"start":{"line":42,"column":6},"end":{"line":42,"column":95}},"19":{"start":{"line":43,"column":6},"end":{"line":46,"column":9}},"20":{"start":{"line":50,"column":4},"end":{"line":50,"column":33}},"21":{"start":{"line":51,"column":4},"end":{"line":51,"column":22}},"22":{"start":{"line":54,"column":18},"end":{"line":62,"column":5}},"23":{"start":{"line":64,"column":4},"end":{"line":64,"column":86}},"24":{"start":{"line":66,"column":4},"end":{"line":78,"column":7}},"25":{"start":{"line":81,"column":4},"end":{"line":81,"column":44}},"26":{"start":{"line":82,"column":4},"end":{"line":85,"column":7}},"27":{"start":{"line":90,"column":0},"end":{"line":144,"column":3}},"28":{"start":{"line":91,"column":2},"end":{"line":143,"column":3}},"29":{"start":{"line":92,"column":66},"end":{"line":92,"column":74}},"30":{"start":{"line":95,"column":4},"end":{"line":100,"column":5}},"31":{"start":{"line":96,"column":6},"end":{"line":99,"column":9}},"32":{"start":{"line":103,"column":25},"end":{"line":103,"column":79}},"33":{"start":{"line":105,"column":4},"end":{"line":110,"column":5}},"34":{"start":{"line":106,"column":6},"end":{"line":109,"column":9}},"35":{"start":{"line":113,"column":17},"end":{"line":120,"column":6}},"36":{"start":{"line":122,"column":4},"end":{"line":122,"column":22}},"37":{"start":{"line":124,"column":4},"end":{"line":135,"column":7}},"38":{"start":{"line":138,"column":4},"end":{"line":138,"column":56}},"39":{"start":{"line":139,"column":4},"end":{"line":142,"column":7}},"40":{"start":{"line":146,"column":0},"end":{"line":146,"column":24}}},"fnMap":{"0":{"name":"(anonymous_0)","decl":{"start":{"line":16,"column":36},"end":{"line":16,"column":37}},"loc":{"start":{"line":16,"column":56},"end":{"line":87,"column":1}},"line":16},"1":{"name":"(anonymous_1)","decl":{"start":{"line":90,"column":25},"end":{"line":90,"column":26}},"loc":{"start":{"line":90,"column":45},"end":{"line":144,"column":1}},"line":90}},"branchMap":{"0":{"loc":{"start":{"line":20,"column":4},"end":{"line":25,"column":5}},"type":"if","locations":[{"start":{"line":20,"column":4},"end":{"line":25,"column":5}},{"start":{},"end":{}}],"line":20},"1":{"loc":{"start":{"line":20,"column":8},"end":{"line":20,"column":30}},"type":"binary-expr","locations":[{"start":{"line":20,"column":8},"end":{"line":20,"column":17}},{"start":{"line":20,"column":21},"end":{"line":20,"column":30}}],"line":20},"2":{"loc":{"start":{"line":30,"column":4},"end":{"line":36,"column":5}},"type":"if","locations":[{"start":{"line":30,"column":4},"end":{"line":36,"column":5}},{"start":{},"end":{}}],"line":30},"3":{"loc":{"start":{"line":41,"column":4},"end":{"line":47,"column":5}},"type":"if","locations":[{"start":{"line":41,"column":4},"end":{"line":47,"column":5}},{"start":{},"end":{}}],"line":41},"4":{"loc":{"start":{"line":61,"column":19},"end":{"line":61,"column":52}},"type":"binary-expr","locations":[{"start":{"line":61,"column":19},"end":{"line":61,"column":44}},{"start":{"line":61,"column":48},"end":{"line":61,"column":52}}],"line":61},"5":{"loc":{"start":{"line":95,"column":4},"end":{"line":100,"column":5}},"type":"if","locations":[{"start":{"line":95,"column":4},"end":{"line":100,"column":5}},{"start":{},"end":{}}],"line":95},"6":{"loc":{"start":{"line":95,"column":8},"end":{"line":95,"column":64}},"type":"binary-expr","locations":[{"start":{"line":95,"column":8},"end":{"line":95,"column":17}},{"start":{"line":95,"column":21},"end":{"line":95,"column":27}},{"start":{"line":95,"column":31},"end":{"line":95,"column":40}},{"start":{"line":95,"column":44},"end":{"line":95,"column":51}},{"start":{"line":95,"column":55},"end":{"line":95,"column":64}}],"line":95},"7":{"loc":{"start":{"line":105,"column":4},"end":{"line":110,"column":5}},"type":"if","locations":[{"start":{"line":105,"column":4},"end":{"line":110,"column":5}},{"start":{},"end":{}}],"line":105},"8":{"loc":{"start":{"line":117,"column":12},"end":{"line":117,"column":30}},"type":"binary-expr","locations":[{"start":{"line":117,"column":12},"end":{"line":117,"column":16}},{"start":{"line":117,"column":20},"end":{"line":117,"column":30}}],"line":117}},"s":{"0":0,"1":0,"2":0,"3":0,"4":0,"5":0,"6":0,"7":0,"8":0,"9":0,"10":0,"11":0,"12":0,"13":0,"14":0,"15":0,"16":0,"17":0,"18":0,"19":0,"20":0,"21":0,"22":0,"23":0,"24":0,"25":0,"26":0,"27":0,"28":0,"29":0,"30":0,"31":0,"32":0,"33":0,"34":0,"35":0,"36":0,"37":0,"38":0,"39":0,"40":0},"f":{"0":0,"1":0},"b":{"0":[0,0],"1":[0,0],"2":[0,0],"3":[0,0],"4":[0,0],"5":[0,0],"6":[0,0,0,0,0],"7":[0,0],"8":[0,0]}}
,"C:\\Users\\lsoria\\Desktop\\APP CIG\\backend\\src\\routes\\clients.js": {"path":"C:\\Users\\lsoria\\Desktop\\APP CIG\\backend\\src\\routes\\clients.js","statementMap":{"0":{"start":{"line":1,"column":16},"end":{"line":1,"column":34}},"1":{"start":{"line":2,"column":15},"end":{"line":2,"column":31}},"2":{"start":{"line":3,"column":24},"end":{"line":3,"column":53}},"3":{"start":{"line":4,"column":15},"end":{"line":4,"column":42}},"4":{"start":{"line":7,"column":0},"end":{"line":44,"column":3}},"5":{"start":{"line":8,"column":2},"end":{"line":43,"column":3}},"6":{"start":{"line":9,"column":18},"end":{"line":9,"column":27}},"7":{"start":{"line":13,"column":4},"end":{"line":30,"column":5}},"8":{"start":{"line":15,"column":20},"end":{"line":15,"column":38}},"9":{"start":{"line":16,"column":6},"end":{"line":24,"column":17}},"10":{"start":{"line":27,"column":6},"end":{"line":29,"column":19}},"11":{"start":{"line":32,"column":4},"end":{"line":35,"column":7}},"12":{"start":{"line":38,"column":4},"end":{"line":38,"column":54}},"13":{"start":{"line":39,"column":4},"end":{"line":42,"column":7}},"14":{"start":{"line":47,"column":0},"end":{"line":72,"column":3}},"15":{"start":{"line":48,"column":2},"end":{"line":71,"column":3}},"16":{"start":{"line":49,"column":21},"end":{"line":49,"column":31}},"17":{"start":{"line":51,"column":19},"end":{"line":51,"column":49}},"18":{"start":{"line":53,"column":4},"end":{"line":58,"column":5}},"19":{"start":{"line":54,"column":6},"end":{"line":57,"column":9}},"20":{"start":{"line":60,"column":4},"end":{"line":63,"column":7}},"21":{"start":{"line":66,"column":4},"end":{"line":66,"column":54}},"22":{"start":{"line":67,"column":4},"end":{"line":70,"column":7}},"23":{"start":{"line":75,"column":0},"end":{"line":133,"column":3}},"24":{"start":{"line":76,"column":2},"end":{"line":132,"column":3}},"25":{"start":{"line":87,"column":8},"end":{"line":87,"column":16}},"26":{"start":{"line":89,"column":4},"end":{"line":94,"column":5}},"27":{"start":{"line":90,"column":6},"end":{"line":93,"column":9}},"28":{"start":{"line":96,"column":19},"end":{"line":117,"column":5}},"29":{"start":{"line":119,"column":4},"end":{"line":123,"column":7}},"30":{"start":{"line":126,"column":4},"end":{"line":126,"column":54}},"31":{"start":{"line":127,"column":4},"end":{"line":131,"column":7}},"32":{"start":{"line":135,"column":0},"end":{"line":135,"column":24}}},"fnMap":{"0":{"name":"(anonymous_0)","decl":{"start":{"line":7,"column":29},"end":{"line":7,"column":30}},"loc":{"start":{"line":7,"column":49},"end":{"line":44,"column":1}},"line":7},"1":{"name":"(anonymous_1)","decl":{"start":{"line":47,"column":34},"end":{"line":47,"column":35}},"loc":{"start":{"line":47,"column":54},"end":{"line":72,"column":1}},"line":47},"2":{"name":"(anonymous_2)","decl":{"start":{"line":75,"column":30},"end":{"line":75,"column":31}},"loc":{"start":{"line":75,"column":50},"end":{"line":133,"column":1}},"line":75}},"branchMap":{"0":{"loc":{"start":{"line":13,"column":4},"end":{"line":30,"column":5}},"type":"if","locations":[{"start":{"line":13,"column":4},"end":{"line":30,"column":5}},{"start":{"line":25,"column":11},"end":{"line":30,"column":5}}],"line":13},"1":{"loc":{"start":{"line":53,"column":4},"end":{"line":58,"column":5}},"type":"if","locations":[{"start":{"line":53,"column":4},"end":{"line":58,"column":5}},{"start":{},"end":{}}],"line":53},"2":{"loc":{"start":{"line":89,"column":4},"end":{"line":94,"column":5}},"type":"if","locations":[{"start":{"line":89,"column":4},"end":{"line":94,"column":5}},{"start":{},"end":{}}],"line":89},"3":{"loc":{"start":{"line":89,"column":8},"end":{"line":89,"column":24}},"type":"binary-expr","locations":[{"start":{"line":89,"column":8},"end":{"line":89,"column":15}},{"start":{"line":89,"column":19},"end":{"line":89,"column":24}}],"line":89}},"s":{"0":0,"1":0,"2":0,"3":0,"4":0,"5":0,"6":0,"7":0,"8":0,"9":0,"10":0,"11":0,"12":0,"13":0,"14":0,"15":0,"16":0,"17":0,"18":0,"19":0,"20":0,"21":0,"22":0,"23":0,"24":0,"25":0,"26":0,"27":0,"28":0,"29":0,"30":0,"31":0,"32":0},"f":{"0":0,"1":0,"2":0},"b":{"0":[0,0],"1":[0,0],"2":[0,0],"3":[0,0]}}
,"C:\\Users\\lsoria\\Desktop\\APP CIG\\backend\\src\\routes\\files.js": {"path":"C:\\Users\\lsoria\\Desktop\\APP CIG\\backend\\src\\routes\\files.js","statementMap":{"0":{"start":{"line":1,"column":16},"end":{"line":1,"column":34}},"1":{"start":{"line":2,"column":15},"end":{"line":2,"column":31}},"2":{"start":{"line":3,"column":36},"end":{"line":3,"column":65}},"3":{"start":{"line":4,"column":22},"end":{"line":4,"column":52}},"4":{"start":{"line":5,"column":20},"end":{"line":5,"column":52}},"5":{"start":{"line":6,"column":22},"end":{"line":6,"column":56}},"6":{"start":{"line":7,"column":45},"end":{"line":7,"column":77}},"7":{"start":{"line":10,"column":0},"end":{"line":110,"column":3}},"8":{"start":{"line":11,"column":2},"end":{"line":109,"column":3}},"9":{"start":{"line":12,"column":39},"end":{"line":12,"column":47}},"10":{"start":{"line":14,"column":4},"end":{"line":19,"column":5}},"11":{"start":{"line":15,"column":6},"end":{"line":18,"column":9}},"12":{"start":{"line":22,"column":20},"end":{"line":25,"column":30}},"13":{"start":{"line":27,"column":4},"end":{"line":32,"column":5}},"14":{"start":{"line":28,"column":6},"end":{"line":31,"column":9}},"15":{"start":{"line":35,"column":18},"end":{"line":35,"column":74}},"16":{"start":{"line":36,"column":17},"end":{"line":36,"column":74}},"17":{"start":{"line":37,"column":21},"end":{"line":37,"column":58}},"18":{"start":{"line":40,"column":19},"end":{"line":40,"column":68}},"19":{"start":{"line":43,"column":23},"end":{"line":43,"column":61}},"20":{"start":{"line":46,"column":26},"end":{"line":56,"column":6}},"21":{"start":{"line":58,"column":4},"end":{"line":58,"column":31}},"22":{"start":{"line":61,"column":4},"end":{"line":70,"column":6}},"23":{"start":{"line":72,"column":4},"end":{"line":77,"column":7}},"24":{"start":{"line":79,"column":4},"end":{"line":91,"column":7}},"25":{"start":{"line":94,"column":4},"end":{"line":94,"column":54}},"26":{"start":{"line":96,"column":4},"end":{"line":102,"column":6}},"27":{"start":{"line":104,"column":4},"end":{"line":108,"column":7}},"28":{"start":{"line":113,"column":0},"end":{"line":144,"column":3}},"29":{"start":{"line":114,"column":2},"end":{"line":143,"column":3}},"30":{"start":{"line":115,"column":52},"end":{"line":115,"column":61}},"31":{"start":{"line":117,"column":18},"end":{"line":117,"column":20}},"32":{"start":{"line":119,"column":4},"end":{"line":119,"column":32}},"33":{"start":{"line":119,"column":14},"end":{"line":119,"column":32}},"34":{"start":{"line":120,"column":4},"end":{"line":120,"column":41}},"35":{"start":{"line":120,"column":17},"end":{"line":120,"column":41}},"36":{"start":{"line":122,"column":18},"end":{"line":125,"column":31}},"37":{"start":{"line":127,"column":18},"end":{"line":127,"column":59}},"38":{"start":{"line":129,"column":4},"end":{"line":135,"column":7}},"39":{"start":{"line":138,"column":4},"end":{"line":138,"column":54}},"40":{"start":{"line":139,"column":4},"end":{"line":142,"column":7}},"41":{"start":{"line":147,"column":0},"end":{"line":183,"column":3}},"42":{"start":{"line":148,"column":2},"end":{"line":182,"column":3}},"43":{"start":{"line":149,"column":19},"end":{"line":149,"column":29}},"44":{"start":{"line":151,"column":17},"end":{"line":151,"column":49}},"45":{"start":{"line":153,"column":4},"end":{"line":158,"column":5}},"46":{"start":{"line":154,"column":6},"end":{"line":157,"column":9}},"47":{"start":{"line":160,"column":4},"end":{"line":164,"column":7}},"48":{"start":{"line":166,"column":4},"end":{"line":174,"column":7}},"49":{"start":{"line":167,"column":6},"end":{"line":173,"column":7}},"50":{"start":{"line":168,"column":8},"end":{"line":168,"column":58}},"51":{"start":{"line":169,"column":8},"end":{"line":172,"column":11}},"52":{"start":{"line":177,"column":4},"end":{"line":177,"column":56}},"53":{"start":{"line":178,"column":4},"end":{"line":181,"column":7}},"54":{"start":{"line":186,"column":0},"end":{"line":228,"column":3}},"55":{"start":{"line":187,"column":2},"end":{"line":227,"column":3}},"56":{"start":{"line":188,"column":19},"end":{"line":188,"column":29}},"57":{"start":{"line":190,"column":17},"end":{"line":190,"column":49}},"58":{"start":{"line":192,"column":4},"end":{"line":197,"column":5}},"59":{"start":{"line":193,"column":6},"end":{"line":196,"column":9}},"60":{"start":{"line":200,"column":15},"end":{"line":200,"column":37}},"61":{"start":{"line":201,"column":4},"end":{"line":205,"column":5}},"62":{"start":{"line":202,"column":6},"end":{"line":202,"column":37}},"63":{"start":{"line":204,"column":6},"end":{"line":204,"column":62}},"64":{"start":{"line":208,"column":4},"end":{"line":208,"column":46}},"65":{"start":{"line":210,"column":4},"end":{"line":214,"column":7}},"66":{"start":{"line":216,"column":4},"end":{"line":219,"column":7}},"67":{"start":{"line":222,"column":4},"end":{"line":222,"column":55}},"68":{"start":{"line":223,"column":4},"end":{"line":226,"column":7}},"69":{"start":{"line":230,"column":0},"end":{"line":230,"column":24}}},"fnMap":{"0":{"name":"(anonymous_0)","decl":{"start":{"line":10,"column":71},"end":{"line":10,"column":72}},"loc":{"start":{"line":10,"column":91},"end":{"line":110,"column":1}},"line":10},"1":{"name":"(anonymous_1)","decl":{"start":{"line":113,"column":29},"end":{"line":113,"column":30}},"loc":{"start":{"line":113,"column":49},"end":{"line":144,"column":1}},"line":113},"2":{"name":"(anonymous_2)","decl":{"start":{"line":147,"column":41},"end":{"line":147,"column":42}},"loc":{"start":{"line":147,"column":61},"end":{"line":183,"column":1}},"line":147},"3":{"name":"(anonymous_3)","decl":{"start":{"line":166,"column":47},"end":{"line":166,"column":48}},"loc":{"start":{"line":166,"column":56},"end":{"line":174,"column":5}},"line":166},"4":{"name":"(anonymous_4)","decl":{"start":{"line":186,"column":56},"end":{"line":186,"column":57}},"loc":{"start":{"line":186,"column":76},"end":{"line":228,"column":1}},"line":186}},"branchMap":{"0":{"loc":{"start":{"line":14,"column":4},"end":{"line":19,"column":5}},"type":"if","locations":[{"start":{"line":14,"column":4},"end":{"line":19,"column":5}},{"start":{},"end":{}}],"line":14},"1":{"loc":{"start":{"line":27,"column":4},"end":{"line":32,"column":5}},"type":"if","locations":[{"start":{"line":27,"column":4},"end":{"line":32,"column":5}},{"start":{},"end":{}}],"line":27},"2":{"loc":{"start":{"line":115,"column":12},"end":{"line":115,"column":20}},"type":"default-arg","locations":[{"start":{"line":115,"column":19},"end":{"line":115,"column":20}}],"line":115},"3":{"loc":{"start":{"line":115,"column":22},"end":{"line":115,"column":32}},"type":"default-arg","locations":[{"start":{"line":115,"column":30},"end":{"line":115,"column":32}}],"line":115},"4":{"loc":{"start":{"line":119,"column":4},"end":{"line":119,"column":32}},"type":"if","locations":[{"start":{"line":119,"column":4},"end":{"line":119,"column":32}},{"start":{},"end":{}}],"line":119},"5":{"loc":{"start":{"line":120,"column":4},"end":{"line":120,"column":41}},"type":"if","locations":[{"start":{"line":120,"column":4},"end":{"line":120,"column":41}},{"start":{},"end":{}}],"line":120},"6":{"loc":{"start":{"line":153,"column":4},"end":{"line":158,"column":5}},"type":"if","locations":[{"start":{"line":153,"column":4},"end":{"line":158,"column":5}},{"start":{},"end":{}}],"line":153},"7":{"loc":{"start":{"line":167,"column":6},"end":{"line":173,"column":7}},"type":"if","locations":[{"start":{"line":167,"column":6},"end":{"line":173,"column":7}},{"start":{},"end":{}}],"line":167},"8":{"loc":{"start":{"line":192,"column":4},"end":{"line":197,"column":5}},"type":"if","locations":[{"start":{"line":192,"column":4},"end":{"line":197,"column":5}},{"start":{},"end":{}}],"line":192}},"s":{"0":0,"1":0,"2":0,"3":0,"4":0,"5":0,"6":0,"7":0,"8":0,"9":0,"10":0,"11":0,"12":0,"13":0,"14":0,"15":0,"16":0,"17":0,"18":0,"19":0,"20":0,"21":0,"22":0,"23":0,"24":0,"25":0,"26":0,"27":0,"28":0,"29":0,"30":0,"31":0,"32":0,"33":0,"34":0,"35":0,"36":0,"37":0,"38":0,"39":0,"40":0,"41":0,"42":0,"43":0,"44":0,"45":0,"46":0,"47":0,"48":0,"49":0,"50":0,"51":0,"52":0,"53":0,"54":0,"55":0,"56":0,"57":0,"58":0,"59":0,"60":0,"61":0,"62":0,"63":0,"64":0,"65":0,"66":0,"67":0,"68":0,"69":0},"f":{"0":0,"1":0,"2":0,"3":0,"4":0},"b":{"0":[0,0],"1":[0,0],"2":[0],"3":[0],"4":[0,0],"5":[0,0],"6":[0,0],"7":[0,0],"8":[0,0]}}
,"C:\\Users\\lsoria\\Desktop\\APP CIG\\backend\\src\\routes\\logs.js": {"path":"C:\\Users\\lsoria\\Desktop\\APP CIG\\backend\\src\\routes\\logs.js","statementMap":{"0":{"start":{"line":1,"column":16},"end":{"line":1,"column":34}},"1":{"start":{"line":2,"column":15},"end":{"line":2,"column":31}},"2":{"start":{"line":3,"column":36},"end":{"line":3,"column":65}},"3":{"start":{"line":4,"column":16},"end":{"line":4,"column":44}},"4":{"start":{"line":7,"column":0},"end":{"line":53,"column":3}},"5":{"start":{"line":8,"column":2},"end":{"line":52,"column":3}},"6":{"start":{"line":17,"column":8},"end":{"line":17,"column":17}},"7":{"start":{"line":19,"column":18},"end":{"line":19,"column":20}},"8":{"start":{"line":21,"column":4},"end":{"line":21,"column":32}},"9":{"start":{"line":21,"column":14},"end":{"line":21,"column":32}},"10":{"start":{"line":22,"column":4},"end":{"line":22,"column":38}},"11":{"start":{"line":22,"column":16},"end":{"line":22,"column":38}},"12":{"start":{"line":23,"column":4},"end":{"line":23,"column":38}},"13":{"start":{"line":23,"column":16},"end":{"line":23,"column":38}},"14":{"start":{"line":25,"column":4},"end":{"line":29,"column":5}},"15":{"start":{"line":26,"column":6},"end":{"line":26,"column":27}},"16":{"start":{"line":27,"column":6},"end":{"line":27,"column":64}},"17":{"start":{"line":27,"column":21},"end":{"line":27,"column":64}},"18":{"start":{"line":28,"column":6},"end":{"line":28,"column":60}},"19":{"start":{"line":28,"column":19},"end":{"line":28,"column":60}},"20":{"start":{"line":31,"column":17},"end":{"line":34,"column":31}},"21":{"start":{"line":36,"column":18},"end":{"line":36,"column":53}},"22":{"start":{"line":38,"column":4},"end":{"line":44,"column":7}},"23":{"start":{"line":47,"column":4},"end":{"line":47,"column":51}},"24":{"start":{"line":48,"column":4},"end":{"line":51,"column":7}},"25":{"start":{"line":56,"column":0},"end":{"line":105,"column":3}},"26":{"start":{"line":57,"column":2},"end":{"line":104,"column":3}},"27":{"start":{"line":58,"column":35},"end":{"line":58,"column":44}},"28":{"start":{"line":60,"column":23},"end":{"line":60,"column":25}},"29":{"start":{"line":61,"column":4},"end":{"line":65,"column":5}},"30":{"start":{"line":62,"column":6},"end":{"line":62,"column":32}},"31":{"start":{"line":63,"column":6},"end":{"line":63,"column":69}},"32":{"start":{"line":63,"column":21},"end":{"line":63,"column":69}},"33":{"start":{"line":64,"column":6},"end":{"line":64,"column":65}},"34":{"start":{"line":64,"column":19},"end":{"line":64,"column":65}},"35":{"start":{"line":67,"column":18},"end":{"line":91,"column":6}},"36":{"start":{"line":93,"column":4},"end":{"line":96,"column":7}},"37":{"start":{"line":99,"column":4},"end":{"line":99,"column":59}},"38":{"start":{"line":100,"column":4},"end":{"line":103,"column":7}},"39":{"start":{"line":108,"column":0},"end":{"line":124,"column":3}},"40":{"start":{"line":109,"column":2},"end":{"line":123,"column":3}},"41":{"start":{"line":110,"column":20},"end":{"line":110,"column":52}},"42":{"start":{"line":112,"column":4},"end":{"line":115,"column":7}},"43":{"start":{"line":118,"column":4},"end":{"line":118,"column":55}},"44":{"start":{"line":119,"column":4},"end":{"line":122,"column":7}},"45":{"start":{"line":126,"column":0},"end":{"line":126,"column":24}}},"fnMap":{"0":{"name":"(anonymous_0)","decl":{"start":{"line":7,"column":61},"end":{"line":7,"column":62}},"loc":{"start":{"line":7,"column":81},"end":{"line":53,"column":1}},"line":7},"1":{"name":"(anonymous_1)","decl":{"start":{"line":56,"column":66},"end":{"line":56,"column":67}},"loc":{"start":{"line":56,"column":86},"end":{"line":105,"column":1}},"line":56},"2":{"name":"(anonymous_2)","decl":{"start":{"line":108,"column":68},"end":{"line":108,"column":69}},"loc":{"start":{"line":108,"column":88},"end":{"line":124,"column":1}},"line":108}},"branchMap":{"0":{"loc":{"start":{"line":10,"column":6},"end":{"line":10,"column":14}},"type":"default-arg","locations":[{"start":{"line":10,"column":13},"end":{"line":10,"column":14}}],"line":10},"1":{"loc":{"start":{"line":11,"column":6},"end":{"line":11,"column":16}},"type":"default-arg","locations":[{"start":{"line":11,"column":14},"end":{"line":11,"column":16}}],"line":11},"2":{"loc":{"start":{"line":21,"column":4},"end":{"line":21,"column":32}},"type":"if","locations":[{"start":{"line":21,"column":4},"end":{"line":21,"column":32}},{"start":{},"end":{}}],"line":21},"3":{"loc":{"start":{"line":22,"column":4},"end":{"line":22,"column":38}},"type":"if","locations":[{"start":{"line":22,"column":4},"end":{"line":22,"column":38}},{"start":{},"end":{}}],"line":22},"4":{"loc":{"start":{"line":23,"column":4},"end":{"line":23,"column":38}},"type":"if","locations":[{"start":{"line":23,"column":4},"end":{"line":23,"column":38}},{"start":{},"end":{}}],"line":23},"5":{"loc":{"start":{"line":25,"column":4},"end":{"line":29,"column":5}},"type":"if","locations":[{"start":{"line":25,"column":4},"end":{"line":29,"column":5}},{"start":{},"end":{}}],"line":25},"6":{"loc":{"start":{"line":25,"column":8},"end":{"line":25,"column":28}},"type":"binary-expr","locations":[{"start":{"line":25,"column":8},"end":{"line":25,"column":17}},{"start":{"line":25,"column":21},"end":{"line":25,"column":28}}],"line":25},"7":{"loc":{"start":{"line":27,"column":6},"end":{"line":27,"column":64}},"type":"if","locations":[{"start":{"line":27,"column":6},"end":{"line":27,"column":64}},{"start":{},"end":{}}],"line":27},"8":{"loc":{"start":{"line":28,"column":6},"end":{"line":28,"column":60}},"type":"if","locations":[{"start":{"line":28,"column":6},"end":{"line":28,"column":60}},{"start":{},"end":{}}],"line":28},"9":{"loc":{"start":{"line":61,"column":4},"end":{"line":65,"column":5}},"type":"if","locations":[{"start":{"line":61,"column":4},"end":{"line":65,"column":5}},{"start":{},"end":{}}],"line":61},"10":{"loc":{"start":{"line":61,"column":8},"end":{"line":61,"column":28}},"type":"binary-expr","locations":[{"start":{"line":61,"column":8},"end":{"line":61,"column":17}},{"start":{"line":61,"column":21},"end":{"line":61,"column":28}}],"line":61},"11":{"loc":{"start":{"line":63,"column":6},"end":{"line":63,"column":69}},"type":"if","locations":[{"start":{"line":63,"column":6},"end":{"line":63,"column":69}},{"start":{},"end":{}}],"line":63},"12":{"loc":{"start":{"line":64,"column":6},"end":{"line":64,"column":65}},"type":"if","locations":[{"start":{"line":64,"column":6},"end":{"line":64,"column":65}},{"start":{},"end":{}}],"line":64}},"s":{"0":0,"1":0,"2":0,"3":0,"4":0,"5":0,"6":0,"7":0,"8":0,"9":0,"10":0,"11":0,"12":0,"13":0,"14":0,"15":0,"16":0,"17":0,"18":0,"19":0,"20":0,"21":0,"22":0,"23":0,"24":0,"25":0,"26":0,"27":0,"28":0,"29":0,"30":0,"31":0,"32":0,"33":0,"34":0,"35":0,"36":0,"37":0,"38":0,"39":0,"40":0,"41":0,"42":0,"43":0,"44":0,"45":0},"f":{"0":0,"1":0,"2":0},"b":{"0":[0],"1":[0],"2":[0,0],"3":[0,0],"4":[0,0],"5":[0,0],"6":[0,0],"7":[0,0],"8":[0,0],"9":[0,0],"10":[0,0],"11":[0,0],"12":[0,0]}}
,"C:\\Users\\lsoria\\Desktop\\APP CIG\\backend\\src\\routes\\lotes.js": {"path":"C:\\Users\\lsoria\\Desktop\\APP CIG\\backend\\src\\routes\\lotes.js","statementMap":{"0":{"start":{"line":1,"column":16},"end":{"line":1,"column":34}},"1":{"start":{"line":2,"column":15},"end":{"line":2,"column":31}},"2":{"start":{"line":3,"column":36},"end":{"line":3,"column":65}},"3":{"start":{"line":4,"column":22},"end":{"line":4,"column":52}},"4":{"start":{"line":7,"column":18},"end":{"line":7,"column":22}},"5":{"start":{"line":10,"column":23},"end":{"line":14,"column":1}},"6":{"start":{"line":11,"column":16},"end":{"line":11,"column":72}},"7":{"start":{"line":12,"column":17},"end":{"line":12,"column":77}},"8":{"start":{"line":13,"column":2},"end":{"line":13,"column":31}},"9":{"start":{"line":17,"column":0},"end":{"line":43,"column":3}},"10":{"start":{"line":18,"column":2},"end":{"line":42,"column":3}},"11":{"start":{"line":19,"column":19},"end":{"line":19,"column":35}},"12":{"start":{"line":21,"column":4},"end":{"line":26,"column":6}},"13":{"start":{"line":28,"column":4},"end":{"line":28,"column":75}},"14":{"start":{"line":30,"column":4},"end":{"line":34,"column":7}},"15":{"start":{"line":37,"column":4},"end":{"line":37,"column":49}},"16":{"start":{"line":38,"column":4},"end":{"line":41,"column":7}},"17":{"start":{"line":46,"column":0},"end":{"line":74,"column":3}},"18":{"start":{"line":47,"column":2},"end":{"line":73,"column":3}},"19":{"start":{"line":49,"column":4},"end":{"line":60,"column":5}},"20":{"start":{"line":50,"column":21},"end":{"line":50,"column":37}},"21":{"start":{"line":52,"column":6},"end":{"line":57,"column":8}},"22":{"start":{"line":59,"column":6},"end":{"line":59,"column":89}},"23":{"start":{"line":62,"column":4},"end":{"line":65,"column":7}},"24":{"start":{"line":68,"column":4},"end":{"line":68,"column":58}},"25":{"start":{"line":69,"column":4},"end":{"line":72,"column":7}},"26":{"start":{"line":77,"column":0},"end":{"line":108,"column":3}},"27":{"start":{"line":78,"column":2},"end":{"line":107,"column":3}},"28":{"start":{"line":79,"column":4},"end":{"line":84,"column":5}},"29":{"start":{"line":80,"column":6},"end":{"line":83,"column":9}},"30":{"start":{"line":86,"column":4},"end":{"line":86,"column":35}},"31":{"start":{"line":87,"column":4},"end":{"line":87,"column":39}},"32":{"start":{"line":88,"column":4},"end":{"line":88,"column":46}},"33":{"start":{"line":90,"column":4},"end":{"line":90,"column":82}},"34":{"start":{"line":92,"column":23},"end":{"line":92,"column":34}},"35":{"start":{"line":93,"column":4},"end":{"line":93,"column":23}},"36":{"start":{"line":95,"column":4},"end":{"line":99,"column":7}},"37":{"start":{"line":102,"column":4},"end":{"line":102,"column":50}},"38":{"start":{"line":103,"column":4},"end":{"line":106,"column":7}},"39":{"start":{"line":110,"column":0},"end":{"line":110,"column":24}}},"fnMap":{"0":{"name":"(anonymous_0)","decl":{"start":{"line":10,"column":23},"end":{"line":10,"column":24}},"loc":{"start":{"line":10,"column":29},"end":{"line":14,"column":1}},"line":10},"1":{"name":"(anonymous_1)","decl":{"start":{"line":17,"column":66},"end":{"line":17,"column":67}},"loc":{"start":{"line":17,"column":86},"end":{"line":43,"column":1}},"line":17},"2":{"name":"(anonymous_2)","decl":{"start":{"line":46,"column":35},"end":{"line":46,"column":36}},"loc":{"start":{"line":46,"column":55},"end":{"line":74,"column":1}},"line":46},"3":{"name":"(anonymous_3)","decl":{"start":{"line":77,"column":68},"end":{"line":77,"column":69}},"loc":{"start":{"line":77,"column":88},"end":{"line":108,"column":1}},"line":77}},"branchMap":{"0":{"loc":{"start":{"line":49,"column":4},"end":{"line":60,"column":5}},"type":"if","locations":[{"start":{"line":49,"column":4},"end":{"line":60,"column":5}},{"start":{},"end":{}}],"line":49},"1":{"loc":{"start":{"line":49,"column":8},"end":{"line":49,"column":55}},"type":"binary-expr","locations":[{"start":{"line":49,"column":8},"end":{"line":49,"column":20}},{"start":{"line":49,"column":24},"end":{"line":49,"column":55}}],"line":49},"2":{"loc":{"start":{"line":79,"column":4},"end":{"line":84,"column":5}},"type":"if","locations":[{"start":{"line":79,"column":4},"end":{"line":84,"column":5}},{"start":{},"end":{}}],"line":79}},"s":{"0":0,"1":0,"2":0,"3":0,"4":0,"5":0,"6":0,"7":0,"8":0,"9":0,"10":0,"11":0,"12":0,"13":0,"14":0,"15":0,"16":0,"17":0,"18":0,"19":0,"20":0,"21":0,"22":0,"23":0,"24":0,"25":0,"26":0,"27":0,"28":0,"29":0,"30":0,"31":0,"32":0,"33":0,"34":0,"35":0,"36":0,"37":0,"38":0,"39":0},"f":{"0":0,"1":0,"2":0,"3":0},"b":{"0":[0,0],"1":[0,0],"2":[0,0]}}
,"C:\\Users\\lsoria\\Desktop\\APP CIG\\backend\\src\\routes\\records.js": {"path":"C:\\Users\\lsoria\\Desktop\\APP CIG\\backend\\src\\routes\\records.js","statementMap":{"0":{"start":{"line":1,"column":16},"end":{"line":1,"column":34}},"1":{"start":{"line":2,"column":15},"end":{"line":2,"column":31}},"2":{"start":{"line":3,"column":36},"end":{"line":3,"column":65}},"3":{"start":{"line":4,"column":22},"end":{"line":4,"column":52}},"4":{"start":{"line":5,"column":20},"end":{"line":5,"column":52}},"5":{"start":{"line":6,"column":15},"end":{"line":6,"column":42}},"6":{"start":{"line":9,"column":0},"end":{"line":91,"column":3}},"7":{"start":{"line":10,"column":2},"end":{"line":90,"column":3}},"8":{"start":{"line":24,"column":8},"end":{"line":24,"column":16}},"9":{"start":{"line":27,"column":4},"end":{"line":32,"column":5}},"10":{"start":{"line":28,"column":6},"end":{"line":31,"column":9}},"11":{"start":{"line":35,"column":19},"end":{"line":49,"column":6}},"12":{"start":{"line":51,"column":4},"end":{"line":51,"column":24}},"13":{"start":{"line":54,"column":4},"end":{"line":68,"column":6}},"14":{"start":{"line":70,"column":4},"end":{"line":75,"column":7}},"15":{"start":{"line":77,"column":4},"end":{"line":81,"column":7}},"16":{"start":{"line":84,"column":4},"end":{"line":84,"column":53}},"17":{"start":{"line":85,"column":4},"end":{"line":89,"column":7}},"18":{"start":{"line":94,"column":0},"end":{"line":117,"column":3}},"19":{"start":{"line":95,"column":2},"end":{"line":116,"column":3}},"20":{"start":{"line":96,"column":23},"end":{"line":96,"column":33}},"21":{"start":{"line":98,"column":20},"end":{"line":98,"column":87}},"22":{"start":{"line":100,"column":18},"end":{"line":100,"column":74}},"23":{"start":{"line":100,"column":50},"end":{"line":100,"column":70}},"24":{"start":{"line":102,"column":4},"end":{"line":108,"column":7}},"25":{"start":{"line":111,"column":4},"end":{"line":111,"column":56}},"26":{"start":{"line":112,"column":4},"end":{"line":115,"column":7}},"27":{"start":{"line":120,"column":0},"end":{"line":160,"column":3}},"28":{"start":{"line":121,"column":2},"end":{"line":159,"column":3}},"29":{"start":{"line":122,"column":19},"end":{"line":122,"column":29}},"30":{"start":{"line":124,"column":19},"end":{"line":124,"column":49}},"31":{"start":{"line":126,"column":4},"end":{"line":131,"column":5}},"32":{"start":{"line":127,"column":6},"end":{"line":130,"column":9}},"33":{"start":{"line":133,"column":4},"end":{"line":138,"column":5}},"34":{"start":{"line":134,"column":6},"end":{"line":137,"column":9}},"35":{"start":{"line":140,"column":4},"end":{"line":140,"column":44}},"36":{"start":{"line":142,"column":4},"end":{"line":146,"column":7}},"37":{"start":{"line":148,"column":4},"end":{"line":151,"column":7}},"38":{"start":{"line":154,"column":4},"end":{"line":154,"column":56}},"39":{"start":{"line":155,"column":4},"end":{"line":158,"column":7}},"40":{"start":{"line":163,"column":0},"end":{"line":209,"column":3}},"41":{"start":{"line":164,"column":2},"end":{"line":208,"column":3}},"42":{"start":{"line":165,"column":19},"end":{"line":165,"column":29}},"43":{"start":{"line":166,"column":23},"end":{"line":166,"column":31}},"44":{"start":{"line":168,"column":19},"end":{"line":168,"column":49}},"45":{"start":{"line":170,"column":4},"end":{"line":175,"column":5}},"46":{"start":{"line":171,"column":6},"end":{"line":174,"column":9}},"47":{"start":{"line":177,"column":4},"end":{"line":182,"column":5}},"48":{"start":{"line":178,"column":6},"end":{"line":181,"column":9}},"49":{"start":{"line":184,"column":26},"end":{"line":188,"column":5}},"50":{"start":{"line":190,"column":4},"end":{"line":194,"column":7}},"51":{"start":{"line":196,"column":4},"end":{"line":200,"column":7}},"52":{"start":{"line":203,"column":4},"end":{"line":203,"column":58}},"53":{"start":{"line":204,"column":4},"end":{"line":207,"column":7}},"54":{"start":{"line":211,"column":0},"end":{"line":211,"column":24}}},"fnMap":{"0":{"name":"(anonymous_0)","decl":{"start":{"line":9,"column":63},"end":{"line":9,"column":64}},"loc":{"start":{"line":9,"column":83},"end":{"line":91,"column":1}},"line":9},"1":{"name":"(anonymous_1)","decl":{"start":{"line":94,"column":36},"end":{"line":94,"column":37}},"loc":{"start":{"line":94,"column":56},"end":{"line":117,"column":1}},"line":94},"2":{"name":"(anonymous_2)","decl":{"start":{"line":100,"column":33},"end":{"line":100,"column":34}},"loc":{"start":{"line":100,"column":50},"end":{"line":100,"column":70}},"line":100},"3":{"name":"(anonymous_3)","decl":{"start":{"line":120,"column":68},"end":{"line":120,"column":69}},"loc":{"start":{"line":120,"column":88},"end":{"line":160,"column":1}},"line":120},"4":{"name":"(anonymous_4)","decl":{"start":{"line":163,"column":65},"end":{"line":163,"column":66}},"loc":{"start":{"line":163,"column":85},"end":{"line":209,"column":1}},"line":163}},"branchMap":{"0":{"loc":{"start":{"line":27,"column":4},"end":{"line":32,"column":5}},"type":"if","locations":[{"start":{"line":27,"column":4},"end":{"line":32,"column":5}},{"start":{},"end":{}}],"line":27},"1":{"loc":{"start":{"line":27,"column":8},"end":{"line":27,"column":86}},"type":"binary-expr","locations":[{"start":{"line":27,"column":8},"end":{"line":27,"column":16}},{"start":{"line":27,"column":20},"end":{"line":27,"column":28}},{"start":{"line":27,"column":32},"end":{"line":27,"column":37}},{"start":{"line":27,"column":41},"end":{"line":27,"column":49}},{"start":{"line":27,"column":53},"end":{"line":27,"column":63}},{"start":{"line":27,"column":67},"end":{"line":27,"column":86}}],"line":27},"2":{"loc":{"start":{"line":40,"column":14},"end":{"line":40,"column":28}},"type":"binary-expr","locations":[{"start":{"line":40,"column":14},"end":{"line":40,"column":20}},{"start":{"line":40,"column":24},"end":{"line":40,"column":28}}],"line":40},"3":{"loc":{"start":{"line":42,"column":22},"end":{"line":42,"column":44}},"type":"binary-expr","locations":[{"start":{"line":42,"column":22},"end":{"line":42,"column":36}},{"start":{"line":42,"column":40},"end":{"line":42,"column":44}}],"line":42},"4":{"loc":{"start":{"line":126,"column":4},"end":{"line":131,"column":5}},"type":"if","locations":[{"start":{"line":126,"column":4},"end":{"line":131,"column":5}},{"start":{},"end":{}}],"line":126},"5":{"loc":{"start":{"line":133,"column":4},"end":{"line":138,"column":5}},"type":"if","locations":[{"start":{"line":133,"column":4},"end":{"line":138,"column":5}},{"start":{},"end":{}}],"line":133},"6":{"loc":{"start":{"line":170,"column":4},"end":{"line":175,"column":5}},"type":"if","locations":[{"start":{"line":170,"column":4},"end":{"line":175,"column":5}},{"start":{},"end":{}}],"line":170},"7":{"loc":{"start":{"line":177,"column":4},"end":{"line":182,"column":5}},"type":"if","locations":[{"start":{"line":177,"column":4},"end":{"line":182,"column":5}},{"start":{},"end":{}}],"line":177}},"s":{"0":0,"1":0,"2":0,"3":0,"4":0,"5":0,"6":0,"7":0,"8":0,"9":0,"10":0,"11":0,"12":0,"13":0,"14":0,"15":0,"16":0,"17":0,"18":0,"19":0,"20":0,"21":0,"22":0,"23":0,"24":0,"25":0,"26":0,"27":0,"28":0,"29":0,"30":0,"31":0,"32":0,"33":0,"34":0,"35":0,"36":0,"37":0,"38":0,"39":0,"40":0,"41":0,"42":0,"43":0,"44":0,"45":0,"46":0,"47":0,"48":0,"49":0,"50":0,"51":0,"52":0,"53":0,"54":0},"f":{"0":0,"1":0,"2":0,"3":0,"4":0},"b":{"0":[0,0],"1":[0,0,0,0,0,0],"2":[0,0],"3":[0,0],"4":[0,0],"5":[0,0],"6":[0,0],"7":[0,0]}}
,"C:\\Users\\lsoria\\Desktop\\APP CIG\\backend\\src\\routes\\users.js": {"path":"C:\\Users\\lsoria\\Desktop\\APP CIG\\backend\\src\\routes\\users.js","statementMap":{"0":{"start":{"line":1,"column":16},"end":{"line":1,"column":34}},"1":{"start":{"line":2,"column":15},"end":{"line":2,"column":31}},"2":{"start":{"line":3,"column":36},"end":{"line":3,"column":65}},"3":{"start":{"line":4,"column":13},"end":{"line":4,"column":38}},"4":{"start":{"line":7,"column":0},"end":{"line":40,"column":3}},"5":{"start":{"line":8,"column":2},"end":{"line":39,"column":3}},"6":{"start":{"line":9,"column":17},"end":{"line":9,"column":49}},"7":{"start":{"line":11,"column":4},"end":{"line":16,"column":5}},"8":{"start":{"line":12,"column":6},"end":{"line":15,"column":9}},"9":{"start":{"line":18,"column":4},"end":{"line":31,"column":7}},"10":{"start":{"line":34,"column":4},"end":{"line":34,"column":54}},"11":{"start":{"line":35,"column":4},"end":{"line":38,"column":7}},"12":{"start":{"line":43,"column":0},"end":{"line":59,"column":3}},"13":{"start":{"line":44,"column":2},"end":{"line":58,"column":3}},"14":{"start":{"line":45,"column":18},"end":{"line":45,"column":37}},"15":{"start":{"line":47,"column":4},"end":{"line":50,"column":7}},"16":{"start":{"line":53,"column":4},"end":{"line":53,"column":54}},"17":{"start":{"line":54,"column":4},"end":{"line":57,"column":7}},"18":{"start":{"line":62,"column":0},"end":{"line":93,"column":3}},"19":{"start":{"line":63,"column":2},"end":{"line":92,"column":3}},"20":{"start":{"line":64,"column":19},"end":{"line":64,"column":29}},"21":{"start":{"line":65,"column":54},"end":{"line":65,"column":62}},"22":{"start":{"line":67,"column":17},"end":{"line":71,"column":5}},"23":{"start":{"line":73,"column":4},"end":{"line":78,"column":5}},"24":{"start":{"line":74,"column":6},"end":{"line":77,"column":9}},"25":{"start":{"line":80,"column":4},"end":{"line":84,"column":7}},"26":{"start":{"line":87,"column":4},"end":{"line":87,"column":57}},"27":{"start":{"line":88,"column":4},"end":{"line":91,"column":7}},"28":{"start":{"line":95,"column":0},"end":{"line":95,"column":24}}},"fnMap":{"0":{"name":"(anonymous_0)","decl":{"start":{"line":7,"column":31},"end":{"line":7,"column":32}},"loc":{"start":{"line":7,"column":51},"end":{"line":40,"column":1}},"line":7},"1":{"name":"(anonymous_1)","decl":{"start":{"line":43,"column":50},"end":{"line":43,"column":51}},"loc":{"start":{"line":43,"column":70},"end":{"line":59,"column":1}},"line":43},"2":{"name":"(anonymous_2)","decl":{"start":{"line":62,"column":53},"end":{"line":62,"column":54}},"loc":{"start":{"line":62,"column":73},"end":{"line":93,"column":1}},"line":62}},"branchMap":{"0":{"loc":{"start":{"line":11,"column":4},"end":{"line":16,"column":5}},"type":"if","locations":[{"start":{"line":11,"column":4},"end":{"line":16,"column":5}},{"start":{},"end":{}}],"line":11},"1":{"loc":{"start":{"line":73,"column":4},"end":{"line":78,"column":5}},"type":"if","locations":[{"start":{"line":73,"column":4},"end":{"line":78,"column":5}},{"start":{},"end":{}}],"line":73}},"s":{"0":0,"1":0,"2":0,"3":0,"4":0,"5":0,"6":0,"7":0,"8":0,"9":0,"10":0,"11":0,"12":0,"13":0,"14":0,"15":0,"16":0,"17":0,"18":0,"19":0,"20":0,"21":0,"22":0,"23":0,"24":0,"25":0,"26":0,"27":0,"28":0},"f":{"0":0,"1":0,"2":0},"b":{"0":[0,0],"1":[0,0]}}
,"C:\\Users\\lsoria\\Desktop\\APP CIG\\backend\\src\\utils\\cigGenerator.js": {"path":"C:\\Users\\lsoria\\Desktop\\APP CIG\\backend\\src\\utils\\cigGenerator.js","statementMap":{"0":{"start":{"line":1,"column":11},"end":{"line":1,"column":33}},"1":{"start":{"line":2,"column":13},"end":{"line":2,"column":28}},"2":{"start":{"line":3,"column":15},"end":{"line":3,"column":41}},"3":{"start":{"line":10,"column":20},"end":{"line":18,"column":1}},"4":{"start":{"line":11,"column":12},"end":{"line":11,"column":52}},"5":{"start":{"line":13,"column":2},"end":{"line":17,"column":3}},"6":{"start":{"line":14,"column":4},"end":{"line":14,"column":42}},"7":{"start":{"line":16,"column":4},"end":{"line":16,"column":40}},"8":{"start":{"line":21,"column":21},"end":{"line":26,"column":1}},"9":{"start":{"line":22,"column":14},"end":{"line":22,"column":36}},"10":{"start":{"line":23,"column":21},"end":{"line":23,"column":43}},"11":{"start":{"line":24,"column":19},"end":{"line":24,"column":47}},"12":{"start":{"line":25,"column":2},"end":{"line":25,"column":53}},"13":{"start":{"line":29,"column":19},"end":{"line":35,"column":1}},"14":{"start":{"line":30,"column":12},"end":{"line":30,"column":26}},"15":{"start":{"line":31,"column":15},"end":{"line":31,"column":30}},"16":{"start":{"line":32,"column":16},"end":{"line":32,"column":57}},"17":{"start":{"line":33,"column":14},"end":{"line":33,"column":50}},"18":{"start":{"line":34,"column":2},"end":{"line":34,"column":33}},"19":{"start":{"line":40,"column":23},"end":{"line":55,"column":1}},"20":{"start":{"line":41,"column":13},"end":{"line":41,"column":15}},"21":{"start":{"line":43,"column":2},"end":{"line":43,"column":14}},"22":{"start":{"line":44,"column":2},"end":{"line":44,"column":38}},"23":{"start":{"line":45,"column":2},"end":{"line":45,"column":34}},"24":{"start":{"line":46,"column":2},"end":{"line":46,"column":38}},"25":{"start":{"line":47,"column":2},"end":{"line":47,"column":43}},"26":{"start":{"line":48,"column":2},"end":{"line":48,"column":31}},"27":{"start":{"line":50,"column":2},"end":{"line":52,"column":3}},"28":{"start":{"line":51,"column":4},"end":{"line":51,"column":78}},"29":{"start":{"line":54,"column":2},"end":{"line":54,"column":14}},"30":{"start":{"line":60,"column":24},"end":{"line":82,"column":1}},"31":{"start":{"line":61,"column":13},"end":{"line":61,"column":15}},"32":{"start":{"line":63,"column":2},"end":{"line":63,"column":14}},"33":{"start":{"line":64,"column":2},"end":{"line":64,"column":39}},"34":{"start":{"line":65,"column":2},"end":{"line":65,"column":39}},"35":{"start":{"line":66,"column":2},"end":{"line":66,"column":42}},"36":{"start":{"line":67,"column":2},"end":{"line":67,"column":48}},"37":{"start":{"line":68,"column":2},"end":{"line":68,"column":53}},"38":{"start":{"line":69,"column":2},"end":{"line":69,"column":39}},"39":{"start":{"line":70,"column":2},"end":{"line":70,"column":46}},"40":{"start":{"line":71,"column":2},"end":{"line":71,"column":48}},"41":{"start":{"line":72,"column":2},"end":{"line":72,"column":52}},"42":{"start":{"line":73,"column":2},"end":{"line":73,"column":48}},"43":{"start":{"line":74,"column":2},"end":{"line":74,"column":54}},"44":{"start":{"line":75,"column":2},"end":{"line":75,"column":31}},"45":{"start":{"line":77,"column":2},"end":{"line":79,"column":3}},"46":{"start":{"line":78,"column":4},"end":{"line":78,"column":79}},"47":{"start":{"line":81,"column":2},"end":{"line":81,"column":14}},"48":{"start":{"line":87,"column":24},"end":{"line":100,"column":1}},"49":{"start":{"line":88,"column":13},"end":{"line":88,"column":15}},"50":{"start":{"line":90,"column":2},"end":{"line":90,"column":14}},"51":{"start":{"line":91,"column":2},"end":{"line":91,"column":43}},"52":{"start":{"line":92,"column":2},"end":{"line":92,"column":44}},"53":{"start":{"line":93,"column":2},"end":{"line":93,"column":31}},"54":{"start":{"line":95,"column":2},"end":{"line":97,"column":3}},"55":{"start":{"line":96,"column":4},"end":{"line":96,"column":79}},"56":{"start":{"line":99,"column":2},"end":{"line":99,"column":14}},"57":{"start":{"line":105,"column":24},"end":{"line":168,"column":1}},"58":{"start":{"line":106,"column":2},"end":{"line":167,"column":3}},"59":{"start":{"line":107,"column":4},"end":{"line":109,"column":5}},"60":{"start":{"line":108,"column":6},"end":{"line":108,"column":66}},"61":{"start":{"line":111,"column":18},"end":{"line":111,"column":20}},"62":{"start":{"line":112,"column":28},"end":{"line":112,"column":38}},"63":{"start":{"line":115,"column":25},"end":{"line":115,"column":39}},"64":{"start":{"line":116,"column":25},"end":{"line":116,"column":83}},"65":{"start":{"line":116,"column":52},"end":{"line":116,"column":79}},"66":{"start":{"line":119,"column":4},"end":{"line":119,"column":70}},"67":{"start":{"line":122,"column":4},"end":{"line":124,"column":7}},"68":{"start":{"line":123,"column":6},"end":{"line":123,"column":53}},"69":{"start":{"line":127,"column":4},"end":{"line":127,"column":60}},"70":{"start":{"line":130,"column":25},"end":{"line":136,"column":6}},"71":{"start":{"line":131,"column":6},"end":{"line":134,"column":7}},"72":{"start":{"line":132,"column":8},"end":{"line":132,"column":89}},"73":{"start":{"line":133,"column":8},"end":{"line":133,"column":20}},"74":{"start":{"line":135,"column":6},"end":{"line":135,"column":19}},"75":{"start":{"line":138,"column":4},"end":{"line":140,"column":5}},"76":{"start":{"line":139,"column":6},"end":{"line":139,"column":103}},"77":{"start":{"line":143,"column":20},"end":{"line":143,"column":38}},"78":{"start":{"line":146,"column":22},"end":{"line":146,"column":84}},"79":{"start":{"line":147,"column":4},"end":{"line":147,"column":51}},"80":{"start":{"line":150,"column":21},"end":{"line":150,"column":51}},"81":{"start":{"line":151,"column":4},"end":{"line":151,"column":50}},"82":{"start":{"line":153,"column":4},"end":{"line":153,"column":66}},"83":{"start":{"line":155,"column":4},"end":{"line":162,"column":6}},"84":{"start":{"line":165,"column":4},"end":{"line":165,"column":57}},"85":{"start":{"line":166,"column":4},"end":{"line":166,"column":16}},"86":{"start":{"line":173,"column":24},"end":{"line":223,"column":1}},"87":{"start":{"line":174,"column":2},"end":{"line":222,"column":3}},"88":{"start":{"line":175,"column":20},"end":{"line":175,"column":55}},"89":{"start":{"line":176,"column":18},"end":{"line":176,"column":40}},"90":{"start":{"line":178,"column":20},"end":{"line":178,"column":22}},"91":{"start":{"line":180,"column":4},"end":{"line":187,"column":7}},"92":{"start":{"line":181,"column":6},"end":{"line":186,"column":7}},"93":{"start":{"line":182,"column":8},"end":{"line":185,"column":11}},"94":{"start":{"line":190,"column":4},"end":{"line":195,"column":5}},"95":{"start":{"line":191,"column":6},"end":{"line":194,"column":9}},"96":{"start":{"line":197,"column":4},"end":{"line":202,"column":5}},"97":{"start":{"line":198,"column":6},"end":{"line":201,"column":9}},"98":{"start":{"line":204,"column":4},"end":{"line":209,"column":5}},"99":{"start":{"line":205,"column":6},"end":{"line":208,"column":9}},"100":{"start":{"line":211,"column":4},"end":{"line":214,"column":6}},"101":{"start":{"line":217,"column":4},"end":{"line":217,"column":57}},"102":{"start":{"line":218,"column":4},"end":{"line":221,"column":6}},"103":{"start":{"line":225,"column":0},"end":{"line":231,"column":2}}},"fnMap":{"0":{"name":"(anonymous_0)","decl":{"start":{"line":10,"column":20},"end":{"line":10,"column":21}},"loc":{"start":{"line":10,"column":71},"end":{"line":18,"column":1}},"line":10},"1":{"name":"(anonymous_1)","decl":{"start":{"line":21,"column":21},"end":{"line":21,"column":22}},"loc":{"start":{"line":21,"column":59},"end":{"line":26,"column":1}},"line":21},"2":{"name":"(anonymous_2)","decl":{"start":{"line":29,"column":19},"end":{"line":29,"column":20}},"loc":{"start":{"line":29,"column":29},"end":{"line":35,"column":1}},"line":29},"3":{"name":"(anonymous_3)","decl":{"start":{"line":40,"column":23},"end":{"line":40,"column":24}},"loc":{"start":{"line":40,"column":66},"end":{"line":55,"column":1}},"line":40},"4":{"name":"(anonymous_4)","decl":{"start":{"line":60,"column":24},"end":{"line":60,"column":25}},"loc":{"start":{"line":60,"column":46},"end":{"line":82,"column":1}},"line":60},"5":{"name":"(anonymous_5)","decl":{"start":{"line":87,"column":24},"end":{"line":87,"column":25}},"loc":{"start":{"line":87,"column":56},"end":{"line":100,"column":1}},"line":87},"6":{"name":"(anonymous_6)","decl":{"start":{"line":105,"column":24},"end":{"line":105,"column":25}},"loc":{"start":{"line":105,"column":61},"end":{"line":168,"column":1}},"line":105},"7":{"name":"(anonymous_7)","decl":{"start":{"line":116,"column":40},"end":{"line":116,"column":41}},"loc":{"start":{"line":116,"column":52},"end":{"line":116,"column":79}},"line":116},"8":{"name":"(anonymous_8)","decl":{"start":{"line":122,"column":20},"end":{"line":122,"column":21}},"loc":{"start":{"line":122,"column":39},"end":{"line":124,"column":5}},"line":122},"9":{"name":"(anonymous_9)","decl":{"start":{"line":130,"column":38},"end":{"line":130,"column":39}},"loc":{"start":{"line":130,"column":53},"end":{"line":136,"column":5}},"line":130},"10":{"name":"(anonymous_10)","decl":{"start":{"line":173,"column":24},"end":{"line":173,"column":25}},"loc":{"start":{"line":173,"column":44},"end":{"line":223,"column":1}},"line":173},"11":{"name":"(anonymous_11)","decl":{"start":{"line":180,"column":18},"end":{"line":180,"column":19}},"loc":{"start":{"line":180,"column":35},"end":{"line":187,"column":5}},"line":180}},"branchMap":{"0":{"loc":{"start":{"line":10,"column":36},"end":{"line":10,"column":50}},"type":"default-arg","locations":[{"start":{"line":10,"column":44},"end":{"line":10,"column":50}}],"line":10},"1":{"loc":{"start":{"line":10,"column":52},"end":{"line":10,"column":66}},"type":"default-arg","locations":[{"start":{"line":10,"column":63},"end":{"line":10,"column":66}}],"line":10},"2":{"loc":{"start":{"line":11,"column":19},"end":{"line":11,"column":30}},"type":"binary-expr","locations":[{"start":{"line":11,"column":19},"end":{"line":11,"column":24}},{"start":{"line":11,"column":28},"end":{"line":11,"column":30}}],"line":11},"3":{"loc":{"start":{"line":13,"column":2},"end":{"line":17,"column":3}},"type":"if","locations":[{"start":{"line":13,"column":2},"end":{"line":17,"column":3}},{"start":{"line":15,"column":9},"end":{"line":17,"column":3}}],"line":13},"4":{"loc":{"start":{"line":21,"column":42},"end":{"line":21,"column":54}},"type":"default-arg","locations":[{"start":{"line":21,"column":53},"end":{"line":21,"column":54}}],"line":21},"5":{"loc":{"start":{"line":22,"column":14},"end":{"line":22,"column":36}},"type":"binary-expr","locations":[{"start":{"line":22,"column":14},"end":{"line":22,"column":31}},{"start":{"line":22,"column":35},"end":{"line":22,"column":36}}],"line":22},"6":{"loc":{"start":{"line":50,"column":2},"end":{"line":52,"column":3}},"type":"if","locations":[{"start":{"line":50,"column":2},"end":{"line":52,"column":3}},{"start":{},"end":{}}],"line":50},"7":{"loc":{"start":{"line":71,"column":22},"end":{"line":71,"column":43}},"type":"binary-expr","locations":[{"start":{"line":71,"column":22},"end":{"line":71,"column":35}},{"start":{"line":71,"column":39},"end":{"line":71,"column":43}}],"line":71},"8":{"loc":{"start":{"line":72,"column":22},"end":{"line":72,"column":47}},"type":"binary-expr","locations":[{"start":{"line":72,"column":22},"end":{"line":72,"column":41}},{"start":{"line":72,"column":45},"end":{"line":72,"column":47}}],"line":72},"9":{"loc":{"start":{"line":73,"column":22},"end":{"line":73,"column":43}},"type":"binary-expr","locations":[{"start":{"line":73,"column":22},"end":{"line":73,"column":37}},{"start":{"line":73,"column":41},"end":{"line":73,"column":43}}],"line":73},"10":{"loc":{"start":{"line":74,"column":22},"end":{"line":74,"column":48}},"type":"binary-expr","locations":[{"start":{"line":74,"column":22},"end":{"line":74,"column":42}},{"start":{"line":74,"column":46},"end":{"line":74,"column":48}}],"line":74},"11":{"loc":{"start":{"line":77,"column":2},"end":{"line":79,"column":3}},"type":"if","locations":[{"start":{"line":77,"column":2},"end":{"line":79,"column":3}},{"start":{},"end":{}}],"line":77},"12":{"loc":{"start":{"line":95,"column":2},"end":{"line":97,"column":3}},"type":"if","locations":[{"start":{"line":95,"column":2},"end":{"line":97,"column":3}},{"start":{},"end":{}}],"line":95},"13":{"loc":{"start":{"line":107,"column":4},"end":{"line":109,"column":5}},"type":"if","locations":[{"start":{"line":107,"column":4},"end":{"line":109,"column":5}},{"start":{},"end":{}}],"line":107},"14":{"loc":{"start":{"line":107,"column":8},"end":{"line":107,"column":40}},"type":"binary-expr","locations":[{"start":{"line":107,"column":8},"end":{"line":107,"column":16}},{"start":{"line":107,"column":20},"end":{"line":107,"column":40}}],"line":107},"15":{"loc":{"start":{"line":131,"column":6},"end":{"line":134,"column":7}},"type":"if","locations":[{"start":{"line":131,"column":6},"end":{"line":134,"column":7}},{"start":{},"end":{}}],"line":131},"16":{"loc":{"start":{"line":138,"column":4},"end":{"line":140,"column":5}},"type":"if","locations":[{"start":{"line":138,"column":4},"end":{"line":140,"column":5}},{"start":{},"end":{}}],"line":138},"17":{"loc":{"start":{"line":146,"column":35},"end":{"line":146,"column":83}},"type":"binary-expr","locations":[{"start":{"line":146,"column":35},"end":{"line":146,"column":57}},{"start":{"line":146,"column":61},"end":{"line":146,"column":83}}],"line":146},"18":{"loc":{"start":{"line":181,"column":6},"end":{"line":186,"column":7}},"type":"if","locations":[{"start":{"line":181,"column":6},"end":{"line":186,"column":7}},{"start":{},"end":{}}],"line":181},"19":{"loc":{"start":{"line":190,"column":4},"end":{"line":195,"column":5}},"type":"if","locations":[{"start":{"line":190,"column":4},"end":{"line":195,"column":5}},{"start":{},"end":{}}],"line":190},"20":{"loc":{"start":{"line":197,"column":4},"end":{"line":202,"column":5}},"type":"if","locations":[{"start":{"line":197,"column":4},"end":{"line":202,"column":5}},{"start":{},"end":{}}],"line":197},"21":{"loc":{"start":{"line":204,"column":4},"end":{"line":209,"column":5}},"type":"if","locations":[{"start":{"line":204,"column":4},"end":{"line":209,"column":5}},{"start":{},"end":{}}],"line":204}},"s":{"0":1,"1":1,"2":1,"3":1,"4":69,"5":69,"6":1,"7":68,"8":1,"9":23,"10":23,"11":23,"12":23,"13":1,"14":10,"15":10,"16":10,"17":10,"18":10,"19":1,"20":3,"21":3,"22":3,"23":3,"24":3,"25":3,"26":3,"27":3,"28":0,"29":3,"30":1,"31":6,"32":6,"33":6,"34":6,"35":6,"36":6,"37":6,"38":6,"39":6,"40":6,"41":6,"42":6,"43":6,"44":6,"45":6,"46":0,"47":6,"48":1,"49":3,"50":3,"51":3,"52":3,"53":3,"54":3,"55":0,"56":3,"57":1,"58":4,"59":4,"60":1,"61":3,"62":3,"63":3,"64":3,"65":6,"66":3,"67":3,"68":6,"69":3,"70":3,"71":12,"72":0,"73":0,"74":12,"75":3,"76":0,"77":3,"78":3,"79":3,"80":3,"81":3,"82":3,"83":3,"84":1,"85":1,"86":1,"87":1,"88":1,"89":1,"90":1,"91":1,"92":4,"93":0,"94":1,"95":0,"96":1,"97":0,"98":1,"99":0,"100":1,"101":0,"102":0,"103":1},"f":{"0":69,"1":23,"2":10,"3":3,"4":6,"5":3,"6":4,"7":6,"8":6,"9":12,"10":1,"11":4},"b":{"0":[66],"1":[66],"2":[69,12],"3":[1,68],"4":[0],"5":[23,0],"6":[0,3],"7":[6,0],"8":[6,0],"9":[6,0],"10":[6,0],"11":[0,6],"12":[0,3],"13":[1,3],"14":[4,4],"15":[0,12],"16":[0,3],"17":[3,3],"18":[0,4],"19":[0,1],"20":[0,1],"21":[0,1]},"_coverageSchema":"1a1c01bbd47fc00a2c39e90264f33305004495a9","hash":"6d4ec67b00a6b971a78097dea53d38edd1cad46e"}
,"C:\\Users\\lsoria\\Desktop\\APP CIG\\backend\\src\\utils\\logger.js": {"path":"C:\\Users\\lsoria\\Desktop\\APP CIG\\backend\\src\\utils\\logger.js","statementMap":{"0":{"start":{"line":1,"column":16},"end":{"line":1,"column":34}},"1":{"start":{"line":2,"column":13},"end":{"line":2,"column":28}},"2":{"start":{"line":4,"column":17},"end":{"line":4,"column":48}},"3":{"start":{"line":6,"column":15},"end":{"line":24,"column":2}},"4":{"start":{"line":27,"column":0},"end":{"line":34,"column":1}},"5":{"start":{"line":28,"column":2},"end":{"line":33,"column":6}},"6":{"start":{"line":37,"column":0},"end":{"line":39,"column":2}},"7":{"start":{"line":38,"column":22},"end":{"line":38,"column":49}},"8":{"start":{"line":41,"column":0},"end":{"line":41,"column":24}}},"fnMap":{"0":{"name":"(anonymous_0)","decl":{"start":{"line":38,"column":9},"end":{"line":38,"column":10}},"loc":{"start":{"line":38,"column":22},"end":{"line":38,"column":49}},"line":38}},"branchMap":{"0":{"loc":{"start":{"line":4,"column":17},"end":{"line":4,"column":48}},"type":"binary-expr","locations":[{"start":{"line":4,"column":17},"end":{"line":4,"column":38}},{"start":{"line":4,"column":42},"end":{"line":4,"column":48}}],"line":4},"1":{"loc":{"start":{"line":27,"column":0},"end":{"line":34,"column":1}},"type":"if","locations":[{"start":{"line":27,"column":0},"end":{"line":34,"column":1}},{"start":{},"end":{}}],"line":27}},"s":{"0":1,"1":1,"2":1,"3":1,"4":1,"5":1,"6":1,"7":0,"8":1},"f":{"0":0},"b":{"0":[1,1],"1":[1,0]},"_coverageSchema":"1a1c01bbd47fc00a2c39e90264f33305004495a9","hash":"baa462244b450d24d9ee85ef3006d64fe42c0ce8"}
}
