TN:
SF:src\middleware\audit.js
FN:4,(anonymous_0)
FN:21,(anonymous_1)
FN:22,(anonymous_2)
FN:25,(anonymous_3)
FN:41,(anonymous_4)
FNF:5
FNH:0
FNDA:0,(anonymous_0)
FNDA:0,(anonymous_1)
FNDA:0,(anonymous_2)
FNDA:0,(anonymous_3)
FNDA:0,(anonymous_4)
DA:1,0
DA:2,0
DA:4,0
DA:5,0
DA:6,0
DA:14,0
DA:15,0
DA:17,0
DA:21,0
DA:22,0
DA:23,0
DA:25,0
DA:26,0
DA:28,0
DA:29,0
DA:30,0
DA:32,0
DA:41,0
DA:42,0
DA:45,0
DA:48,0
DA:52,0
LF:22
LH:0
BRDA:4,0,0,0
BRDA:4,1,0,0
BRDA:4,2,0,0
BRDA:28,3,0,0
BRDA:28,3,1,0
BRDA:30,4,0,0
BRDA:30,4,1,0
BRDA:30,5,0,0
BRDA:30,5,1,0
BRF:9
BRH:0
end_of_record
TN:
SF:src\middleware\auth.js
FN:3,(anonymous_0)
FN:25,(anonymous_1)
FN:26,(anonymous_2)
FNF:3
FNH:0
FNDA:0,(anonymous_0)
FNDA:0,(anonymous_1)
FNDA:0,(anonymous_2)
DA:1,0
DA:3,0
DA:4,0
DA:6,0
DA:7,0
DA:13,0
DA:14,0
DA:15,0
DA:16,0
DA:18,0
DA:25,0
DA:26,0
DA:27,0
DA:28,0
DA:34,0
DA:35,0
DA:41,0
DA:45,0
LF:18
LH:0
BRDA:6,0,0,0
BRDA:6,0,1,0
BRDA:27,1,0,0
BRDA:27,1,1,0
BRDA:34,2,0,0
BRDA:34,2,1,0
BRF:6
BRH:0
end_of_record
TN:
SF:src\models\CheckRecord.js
FN:19,(anonymous_0)
FNF:1
FNH:0
FNDA:0,(anonymous_0)
DA:1,0
DA:3,0
DA:20,0
DA:88,0
DA:89,0
DA:91,0
LF:6
LH:0
BRF:0
BRH:0
end_of_record
TN:
SF:src\models\Client.js
FN:15,(anonymous_0)
FNF:1
FNH:0
FNDA:0,(anonymous_0)
DA:1,0
DA:3,0
DA:16,0
DA:69,0
DA:70,0
DA:72,0
LF:6
LH:0
BRF:0
BRH:0
end_of_record
TN:
SF:src\models\GeneratedFile.js
FNF:0
FNH:0
DA:1,0
DA:3,0
DA:52,0
DA:53,0
DA:55,0
LF:5
LH:0
BRF:0
BRH:0
end_of_record
TN:
SF:src\models\User.js
FN:51,(anonymous_0)
FN:64,(anonymous_1)
FN:69,(anonymous_2)
FNF:3
FNH:0
FNDA:0,(anonymous_0)
FNDA:0,(anonymous_1)
FNDA:0,(anonymous_2)
DA:1,0
DA:2,0
DA:4,0
DA:51,0
DA:52,0
DA:54,0
DA:55,0
DA:56,0
DA:57,0
DA:59,0
DA:64,0
DA:65,0
DA:69,0
DA:70,0
DA:71,0
DA:72,0
DA:75,0
LF:17
LH:0
BRDA:52,0,0,0
BRDA:52,0,1,0
BRF:2
BRH:0
end_of_record
TN:
SF:src\models\UserLog.js
FNF:0
FNH:0
DA:1,0
DA:3,0
DA:55,0
DA:56,0
DA:57,0
DA:59,0
LF:6
LH:0
BRF:0
BRH:0
end_of_record
TN:
SF:src\routes\auth.js
FN:16,(anonymous_0)
FN:90,(anonymous_1)
FNF:2
FNH:0
FNDA:0,(anonymous_0)
FNDA:0,(anonymous_1)
DA:1,0
DA:2,0
DA:3,0
DA:4,0
DA:5,0
DA:6,0
DA:9,0
DA:16,0
DA:17,0
DA:18,0
DA:20,0
DA:21,0
DA:28,0
DA:30,0
DA:31,0
DA:32,0
DA:39,0
DA:41,0
DA:42,0
DA:43,0
DA:50,0
DA:51,0
DA:54,0
DA:64,0
DA:66,0
DA:81,0
DA:82,0
DA:90,0
DA:91,0
DA:92,0
DA:95,0
DA:96,0
DA:103,0
DA:105,0
DA:106,0
DA:113,0
DA:122,0
DA:124,0
DA:138,0
DA:139,0
DA:146,0
LF:41
LH:0
BRDA:20,0,0,0
BRDA:20,0,1,0
BRDA:20,1,0,0
BRDA:20,1,1,0
BRDA:30,2,0,0
BRDA:30,2,1,0
BRDA:41,3,0,0
BRDA:41,3,1,0
BRDA:61,4,0,0
BRDA:61,4,1,0
BRDA:95,5,0,0
BRDA:95,5,1,0
BRDA:95,6,0,0
BRDA:95,6,1,0
BRDA:95,6,2,0
BRDA:95,6,3,0
BRDA:95,6,4,0
BRDA:105,7,0,0
BRDA:105,7,1,0
BRDA:117,8,0,0
BRDA:117,8,1,0
BRF:21
BRH:0
end_of_record
TN:
SF:src\routes\clients.js
FN:7,(anonymous_0)
FN:47,(anonymous_1)
FN:75,(anonymous_2)
FNF:3
FNH:0
FNDA:0,(anonymous_0)
FNDA:0,(anonymous_1)
FNDA:0,(anonymous_2)
DA:1,0
DA:2,0
DA:3,0
DA:4,0
DA:7,0
DA:8,0
DA:9,0
DA:13,0
DA:15,0
DA:16,0
DA:27,0
DA:32,0
DA:38,0
DA:39,0
DA:47,0
DA:48,0
DA:49,0
DA:51,0
DA:53,0
DA:54,0
DA:60,0
DA:66,0
DA:67,0
DA:75,0
DA:76,0
DA:87,0
DA:89,0
DA:90,0
DA:96,0
DA:119,0
DA:126,0
DA:127,0
DA:135,0
LF:33
LH:0
BRDA:13,0,0,0
BRDA:13,0,1,0
BRDA:53,1,0,0
BRDA:53,1,1,0
BRDA:89,2,0,0
BRDA:89,2,1,0
BRDA:89,3,0,0
BRDA:89,3,1,0
BRF:8
BRH:0
end_of_record
TN:
SF:src\routes\files.js
FN:10,(anonymous_0)
FN:113,(anonymous_1)
FN:147,(anonymous_2)
FN:166,(anonymous_3)
FN:186,(anonymous_4)
FNF:5
FNH:0
FNDA:0,(anonymous_0)
FNDA:0,(anonymous_1)
FNDA:0,(anonymous_2)
FNDA:0,(anonymous_3)
FNDA:0,(anonymous_4)
DA:1,0
DA:2,0
DA:3,0
DA:4,0
DA:5,0
DA:6,0
DA:7,0
DA:10,0
DA:11,0
DA:12,0
DA:14,0
DA:15,0
DA:22,0
DA:27,0
DA:28,0
DA:35,0
DA:36,0
DA:37,0
DA:40,0
DA:43,0
DA:46,0
DA:58,0
DA:61,0
DA:72,0
DA:79,0
DA:94,0
DA:96,0
DA:104,0
DA:113,0
DA:114,0
DA:115,0
DA:117,0
DA:119,0
DA:120,0
DA:122,0
DA:127,0
DA:129,0
DA:138,0
DA:139,0
DA:147,0
DA:148,0
DA:149,0
DA:151,0
DA:153,0
DA:154,0
DA:160,0
DA:166,0
DA:167,0
DA:168,0
DA:169,0
DA:177,0
DA:178,0
DA:186,0
DA:187,0
DA:188,0
DA:190,0
DA:192,0
DA:193,0
DA:200,0
DA:201,0
DA:202,0
DA:204,0
DA:208,0
DA:210,0
DA:216,0
DA:222,0
DA:223,0
DA:230,0
LF:68
LH:0
BRDA:14,0,0,0
BRDA:14,0,1,0
BRDA:27,1,0,0
BRDA:27,1,1,0
BRDA:115,2,0,0
BRDA:115,3,0,0
BRDA:119,4,0,0
BRDA:119,4,1,0
BRDA:120,5,0,0
BRDA:120,5,1,0
BRDA:153,6,0,0
BRDA:153,6,1,0
BRDA:167,7,0,0
BRDA:167,7,1,0
BRDA:192,8,0,0
BRDA:192,8,1,0
BRF:16
BRH:0
end_of_record
TN:
SF:src\routes\logs.js
FN:7,(anonymous_0)
FN:56,(anonymous_1)
FN:108,(anonymous_2)
FNF:3
FNH:0
FNDA:0,(anonymous_0)
FNDA:0,(anonymous_1)
FNDA:0,(anonymous_2)
DA:1,0
DA:2,0
DA:3,0
DA:4,0
DA:7,0
DA:8,0
DA:17,0
DA:19,0
DA:21,0
DA:22,0
DA:23,0
DA:25,0
DA:26,0
DA:27,0
DA:28,0
DA:31,0
DA:36,0
DA:38,0
DA:47,0
DA:48,0
DA:56,0
DA:57,0
DA:58,0
DA:60,0
DA:61,0
DA:62,0
DA:63,0
DA:64,0
DA:67,0
DA:93,0
DA:99,0
DA:100,0
DA:108,0
DA:109,0
DA:110,0
DA:112,0
DA:118,0
DA:119,0
DA:126,0
LF:39
LH:0
BRDA:10,0,0,0
BRDA:11,1,0,0
BRDA:21,2,0,0
BRDA:21,2,1,0
BRDA:22,3,0,0
BRDA:22,3,1,0
BRDA:23,4,0,0
BRDA:23,4,1,0
BRDA:25,5,0,0
BRDA:25,5,1,0
BRDA:25,6,0,0
BRDA:25,6,1,0
BRDA:27,7,0,0
BRDA:27,7,1,0
BRDA:28,8,0,0
BRDA:28,8,1,0
BRDA:61,9,0,0
BRDA:61,9,1,0
BRDA:61,10,0,0
BRDA:61,10,1,0
BRDA:63,11,0,0
BRDA:63,11,1,0
BRDA:64,12,0,0
BRDA:64,12,1,0
BRF:24
BRH:0
end_of_record
TN:
SF:src\routes\lotes.js
FN:10,(anonymous_0)
FN:17,(anonymous_1)
FN:46,(anonymous_2)
FN:77,(anonymous_3)
FNF:4
FNH:0
FNDA:0,(anonymous_0)
FNDA:0,(anonymous_1)
FNDA:0,(anonymous_2)
FNDA:0,(anonymous_3)
DA:1,0
DA:2,0
DA:3,0
DA:4,0
DA:7,0
DA:10,0
DA:11,0
DA:12,0
DA:13,0
DA:17,0
DA:18,0
DA:19,0
DA:21,0
DA:28,0
DA:30,0
DA:37,0
DA:38,0
DA:46,0
DA:47,0
DA:49,0
DA:50,0
DA:52,0
DA:59,0
DA:62,0
DA:68,0
DA:69,0
DA:77,0
DA:78,0
DA:79,0
DA:80,0
DA:86,0
DA:87,0
DA:88,0
DA:90,0
DA:92,0
DA:93,0
DA:95,0
DA:102,0
DA:103,0
DA:110,0
LF:40
LH:0
BRDA:49,0,0,0
BRDA:49,0,1,0
BRDA:49,1,0,0
BRDA:49,1,1,0
BRDA:79,2,0,0
BRDA:79,2,1,0
BRF:6
BRH:0
end_of_record
TN:
SF:src\routes\records.js
FN:9,(anonymous_0)
FN:94,(anonymous_1)
FN:100,(anonymous_2)
FN:120,(anonymous_3)
FN:163,(anonymous_4)
FNF:5
FNH:0
FNDA:0,(anonymous_0)
FNDA:0,(anonymous_1)
FNDA:0,(anonymous_2)
FNDA:0,(anonymous_3)
FNDA:0,(anonymous_4)
DA:1,0
DA:2,0
DA:3,0
DA:4,0
DA:5,0
DA:6,0
DA:9,0
DA:10,0
DA:24,0
DA:27,0
DA:28,0
DA:35,0
DA:51,0
DA:54,0
DA:70,0
DA:77,0
DA:84,0
DA:85,0
DA:94,0
DA:95,0
DA:96,0
DA:98,0
DA:100,0
DA:102,0
DA:111,0
DA:112,0
DA:120,0
DA:121,0
DA:122,0
DA:124,0
DA:126,0
DA:127,0
DA:133,0
DA:134,0
DA:140,0
DA:142,0
DA:148,0
DA:154,0
DA:155,0
DA:163,0
DA:164,0
DA:165,0
DA:166,0
DA:168,0
DA:170,0
DA:171,0
DA:177,0
DA:178,0
DA:184,0
DA:190,0
DA:196,0
DA:203,0
DA:204,0
DA:211,0
LF:54
LH:0
BRDA:27,0,0,0
BRDA:27,0,1,0
BRDA:27,1,0,0
BRDA:27,1,1,0
BRDA:27,1,2,0
BRDA:27,1,3,0
BRDA:27,1,4,0
BRDA:27,1,5,0
BRDA:40,2,0,0
BRDA:40,2,1,0
BRDA:42,3,0,0
BRDA:42,3,1,0
BRDA:126,4,0,0
BRDA:126,4,1,0
BRDA:133,5,0,0
BRDA:133,5,1,0
BRDA:170,6,0,0
BRDA:170,6,1,0
BRDA:177,7,0,0
BRDA:177,7,1,0
BRF:20
BRH:0
end_of_record
TN:
SF:src\routes\users.js
FN:7,(anonymous_0)
FN:43,(anonymous_1)
FN:62,(anonymous_2)
FNF:3
FNH:0
FNDA:0,(anonymous_0)
FNDA:0,(anonymous_1)
FNDA:0,(anonymous_2)
DA:1,0
DA:2,0
DA:3,0
DA:4,0
DA:7,0
DA:8,0
DA:9,0
DA:11,0
DA:12,0
DA:18,0
DA:34,0
DA:35,0
DA:43,0
DA:44,0
DA:45,0
DA:47,0
DA:53,0
DA:54,0
DA:62,0
DA:63,0
DA:64,0
DA:65,0
DA:67,0
DA:73,0
DA:74,0
DA:80,0
DA:87,0
DA:88,0
DA:95,0
LF:29
LH:0
BRDA:11,0,0,0
BRDA:11,0,1,0
BRDA:73,1,0,0
BRDA:73,1,1,0
BRF:4
BRH:0
end_of_record
TN:
SF:src\utils\cigGenerator.js
FN:10,(anonymous_0)
FN:21,(anonymous_1)
FN:29,(anonymous_2)
FN:40,(anonymous_3)
FN:60,(anonymous_4)
FN:87,(anonymous_5)
FN:105,(anonymous_6)
FN:116,(anonymous_7)
FN:122,(anonymous_8)
FN:130,(anonymous_9)
FN:173,(anonymous_10)
FN:180,(anonymous_11)
FNF:12
FNH:12
FNDA:69,(anonymous_0)
FNDA:23,(anonymous_1)
FNDA:10,(anonymous_2)
FNDA:3,(anonymous_3)
FNDA:6,(anonymous_4)
FNDA:3,(anonymous_5)
FNDA:4,(anonymous_6)
FNDA:6,(anonymous_7)
FNDA:6,(anonymous_8)
FNDA:12,(anonymous_9)
FNDA:1,(anonymous_10)
FNDA:4,(anonymous_11)
DA:1,1
DA:2,1
DA:3,1
DA:10,1
DA:11,69
DA:13,69
DA:14,1
DA:16,68
DA:21,1
DA:22,23
DA:23,23
DA:24,23
DA:25,23
DA:29,1
DA:30,10
DA:31,10
DA:32,10
DA:33,10
DA:34,10
DA:40,1
DA:41,3
DA:43,3
DA:44,3
DA:45,3
DA:46,3
DA:47,3
DA:48,3
DA:50,3
DA:51,0
DA:54,3
DA:60,1
DA:61,6
DA:63,6
DA:64,6
DA:65,6
DA:66,6
DA:67,6
DA:68,6
DA:69,6
DA:70,6
DA:71,6
DA:72,6
DA:73,6
DA:74,6
DA:75,6
DA:77,6
DA:78,0
DA:81,6
DA:87,1
DA:88,3
DA:90,3
DA:91,3
DA:92,3
DA:93,3
DA:95,3
DA:96,0
DA:99,3
DA:105,1
DA:106,4
DA:107,4
DA:108,1
DA:111,3
DA:112,3
DA:115,3
DA:116,6
DA:119,3
DA:122,3
DA:123,6
DA:127,3
DA:130,3
DA:131,12
DA:132,0
DA:133,0
DA:135,12
DA:138,3
DA:139,0
DA:143,3
DA:146,3
DA:147,3
DA:150,3
DA:151,3
DA:153,3
DA:155,3
DA:165,1
DA:166,1
DA:173,1
DA:174,1
DA:175,1
DA:176,1
DA:178,1
DA:180,1
DA:181,4
DA:182,0
DA:190,1
DA:191,0
DA:197,1
DA:198,0
DA:204,1
DA:205,0
DA:211,1
DA:217,0
DA:218,0
DA:225,1
LF:103
LH:91
BRDA:10,0,0,66
BRDA:10,1,0,66
BRDA:11,2,0,69
BRDA:11,2,1,12
BRDA:13,3,0,1
BRDA:13,3,1,68
BRDA:21,4,0,0
BRDA:22,5,0,23
BRDA:22,5,1,0
BRDA:50,6,0,0
BRDA:50,6,1,3
BRDA:71,7,0,6
BRDA:71,7,1,0
BRDA:72,8,0,6
BRDA:72,8,1,0
BRDA:73,9,0,6
BRDA:73,9,1,0
BRDA:74,10,0,6
BRDA:74,10,1,0
BRDA:77,11,0,0
BRDA:77,11,1,6
BRDA:95,12,0,0
BRDA:95,12,1,3
BRDA:107,13,0,1
BRDA:107,13,1,3
BRDA:107,14,0,4
BRDA:107,14,1,4
BRDA:131,15,0,0
BRDA:131,15,1,12
BRDA:138,16,0,0
BRDA:138,16,1,3
BRDA:146,17,0,3
BRDA:146,17,1,3
BRDA:181,18,0,0
BRDA:181,18,1,4
BRDA:190,19,0,0
BRDA:190,19,1,1
BRDA:197,20,0,0
BRDA:197,20,1,1
BRDA:204,21,0,0
BRDA:204,21,1,1
BRF:41
BRH:26
end_of_record
TN:
SF:src\utils\logger.js
FN:38,(anonymous_0)
FNF:1
FNH:0
FNDA:0,(anonymous_0)
DA:1,1
DA:2,1
DA:4,1
DA:6,1
DA:27,1
DA:28,1
DA:37,1
DA:38,0
DA:41,1
LF:9
LH:8
BRDA:4,0,0,1
BRDA:4,0,1,1
BRDA:27,1,0,1
BRDA:27,1,1,0
BRF:4
BRH:3
end_of_record
